Liczba wszystkich osob to:
20000
Maksymalna liczba osob, ktore mozna zwolnic to:
11492.0
Nalezy zwolnic osoby o numerach:
0
1
2
6
10
11
12
14
15
16
17
19
20
23
24
25
27
28
29
30
33
39
41
42
44
45
46
47
50
51
53
54
56
63
66
67
69
72
73
76
81
84
86
89
90
91
92
94
95
97
98
99
100
101
102
107
109
111
112
115
117
122
124
126
127
128
132
133
134
136
137
139
140
141
143
146
147
148
151
152
156
161
164
165
166
168
169
170
171
172
173
178
179
180
187
188
193
194
196
199
202
204
206
207
208
209
210
214
215
217
219
220
221
222
225
228
229
230
231
232
233
235
237
239
241
242
246
248
249
250
251
252
253
254
255
258
259
260
262
263
264
272
273
276
277
279
280
281
282
287
288
289
290
293
294
298
299
300
301
303
304
308
310
311
312
313
315
316
318
319
320
324
325
331
332
333
334
335
337
338
339
342
343
344
345
348
356
357
359
360
365
368
372
373
374
376
377
378
382
384
387
389
390
392
393
397
398
399
400
403
404
406
407
408
409
411
413
414
416
417
420
425
426
431
432
435
437
438
441
442
447
448
452
453
454
455
456
457
461
463
464
465
466
468
469
471
472
473
474
476
478
481
484
487
490
492
493
495
497
498
503
504
506
508
509
514
517
523
525
527
528
531
535
537
541
543
544
547
548
549
550
551
552
558
559
561
562
564
566
570
571
572
574
578
580
587
588
590
595
597
598
599
600
602
603
604
605
607
608
611
612
615
618
620
622
623
624
625
627
628
629
630
631
632
634
635
640
641
642
643
644
645
646
649
650
651
652
656
657
659
660
661
663
665
667
668
669
672
674
675
676
677
678
680
682
686
689
690
691
692
694
695
697
698
699
701
702
704
705
706
709
710
711
712
714
717
718
723
724
726
729
730
732
733
734
737
741
742
743
746
747
749
751
756
758
766
767
768
770
771
774
775
776
778
780
784
791
795
796
797
798
799
801
803
804
807
808
809
810
813
816
817
822
823
827
828
830
831
832
835
836
838
840
843
844
846
848
852
855
856
857
858
865
869
871
872
873
874
875
876
877
880
881
882
883
884
885
886
888
890
891
892
893
898
899
900
901
904
905
909
911
912
919
920
921
923
927
929
932
938
939
941
943
945
948
950
951
952
953
954
960
961
965
967
968
969
970
971
972
973
975
976
977
978
979
980
981
988
989
991
993
994
996
998
999
1001
1002
1003
1004
1005
1007
1008
1009
1012
1013
1015
1021
1025
1026
1031
1035
1036
1037
1038
1039
1043
1044
1045
1052
1059
1060
1062
1063
1064
1065
1067
1068
1075
1078
1080
1082
1083
1084
1085
1087
1088
1089
1091
1092
1093
1094
1097
1101
1103
1104
1106
1107
1108
1110
1112
1118
1119
1125
1130
1131
1133
1135
1138
1139
1140
1142
1144
1146
1147
1148
1149
1152
1156
1158
1160
1161
1164
1165
1166
1167
1170
1172
1176
1177
1182
1184
1185
1186
1188
1191
1192
1193
1198
1199
1202
1203
1204
1206
1209
1211
1214
1216
1218
1219
1220
1221
1224
1225
1227
1229
1230
1232
1233
1234
1236
1238
1240
1248
1249
1250
1253
1256
1259
1260
1263
1266
1269
1270
1273
1274
1275
1277
1279
1280
1286
1287
1288
1290
1291
1292
1295
1299
1300
1303
1304
1305
1310
1314
1315
1319
1320
1321
1322
1323
1325
1327
1328
1330
1331
1332
1334
1338
1344
1348
1349
1350
1352
1354
1356
1360
1361
1362
1367
1368
1371
1372
1374
1377
1378
1379
1380
1381
1384
1388
1390
1396
1399
1404
1411
1413
1414
1415
1421
1422
1425
1426
1430
1434
1436
1437
1443
1448
1449
1450
1453
1454
1456
1459
1460
1461
1462
1463
1466
1468
1469
1470
1472
1473
1475
1476
1477
1478
1481
1483
1485
1486
1487
1488
1490
1491
1492
1494
1497
1498
1499
1500
1501
1503
1505
1507
1509
1511
1513
1515
1521
1522
1523
1525
1528
1532
1533
1535
1537
1538
1539
1541
1543
1544
1546
1547
1550
1551
1553
1557
1558
1559
1561
1562
1565
1566
1568
1570
1575
1576
1577
1579
1582
1583
1584
1585
1588
1589
1590
1591
1593
1594
1596
1597
1598
1599
1603
1604
1606
1609
1612
1616
1617
1618
1621
1623
1624
1626
1628
1629
1632
1633
1634
1635
1638
1639
1642
1643
1644
1647
1649
1650
1651
1652
1655
1656
1658
1659
1661
1663
1667
1668
1669
1670
1675
1680
1681
1682
1685
1686
1687
1691
1692
1696
1698
1702
1706
1710
1712
1715
1717
1718
1719
1720
1721
1722
1725
1726
1729
1730
1731
1732
1736
1738
1739
1741
1745
1748
1749
1751
1752
1759
1762
1764
1765
1768
1770
1771
1774
1775
1776
1778
1779
1782
1783
1784
1786
1788
1791
1792
1795
1796
1797
1799
1800
1801
1804
1805
1806
1809
1810
1814
1815
1816
1819
1820
1821
1823
1826
1827
1828
1830
1831
1832
1833
1834
1835
1836
1839
1841
1842
1843
1844
1845
1851
1854
1855
1856
1857
1859
1860
1861
1862
1863
1864
1866
1868
1870
1871
1872
1873
1874
1875
1876
1877
1878
1885
1886
1887
1888
1889
1891
1894
1895
1898
1900
1901
1903
1904
1905
1908
1909
1910
1912
1915
1919
1921
1922
1924
1926
1928
1929
1930
1934
1935
1936
1937
1939
1940
1941
1942
1945
1946
1948
1949
1950
1952
1953
1954
1957
1959
1961
1962
1967
1969
1971
1972
1974
1975
1976
1977
1978
1979
1980
1984
1986
1987
1988
1993
1997
1998
2002
2004
2005
2006
2007
2008
2010
2012
2013
2014
2019
2023
2024
2025
2029
2031
2035
2036
2037
2040
2042
2043
2044
2047
2048
2050
2055
2057
2059
2060
2064
2066
2067
2068
2070
2071
2072
2074
2075
2077
2078
2080
2081
2082
2085
2089
2090
2091
2092
2093
2094
2098
2099
2101
2102
2108
2109
2110
2111
2112
2113
2114
2119
2126
2127
2128
2130
2132
2135
2140
2141
2145
2147
2148
2152
2153
2156
2160
2164
2167
2171
2174
2175
2177
2178
2179
2180
2181
2182
2186
2188
2189
2191
2193
2194
2200
2201
2202
2203
2207
2208
2210
2212
2213
2214
2215
2217
2223
2227
2228
2230
2231
2236
2237
2238
2239
2240
2242
2244
2246
2247
2248
2249
2256
2258
2260
2261
2263
2265
2266
2267
2269
2271
2273
2275
2276
2279
2280
2282
2285
2287
2289
2290
2293
2294
2295
2297
2298
2299
2300
2301
2302
2303
2304
2306
2307
2309
2312
2313
2314
2315
2316
2317
2320
2321
2324
2327
2328
2332
2334
2336
2338
2339
2341
2342
2343
2347
2350
2352
2354
2355
2356
2357
2358
2359
2361
2367
2368
2370
2371
2372
2373
2374
2376
2380
2382
2386
2387
2389
2390
2392
2393
2394
2398
2399
2400
2402
2403
2407
2408
2409
2410
2412
2413
2414
2415
2417
2419
2420
2422
2426
2427
2428
2429
2432
2433
2438
2439
2440
2441
2444
2445
2447
2451
2455
2458
2459
2463
2464
2465
2467
2468
2469
2470
2474
2475
2476
2477
2478
2483
2484
2486
2487
2489
2490
2498
2499
2501
2502
2506
2507
2509
2512
2519
2521
2523
2527
2532
2533
2537
2539
2541
2544
2548
2550
2551
2553
2555
2558
2559
2561
2562
2564
2566
2570
2572
2575
2576
2577
2578
2580
2583
2584
2585
2586
2589
2591
2593
2596
2599
2604
2606
2608
2609
2612
2615
2617
2619
2621
2622
2625
2626
2627
2629
2631
2632
2633
2635
2636
2637
2640
2642
2643
2647
2648
2649
2650
2651
2652
2655
2658
2660
2668
2669
2671
2673
2676
2677
2680
2682
2683
2684
2685
2686
2687
2688
2689
2693
2694
2695
2696
2698
2700
2703
2704
2711
2713
2715
2716
2717
2718
2722
2723
2726
2727
2728
2730
2732
2734
2735
2736
2737
2738
2739
2740
2741
2742
2743
2745
2746
2749
2750
2754
2756
2757
2758
2759
2760
2762
2763
2765
2767
2768
2770
2773
2774
2775
2776
2777
2780
2781
2782
2784
2785
2786
2787
2789
2790
2791
2792
2793
2795
2797
2800
2802
2803
2804
2805
2806
2807
2809
2812
2817
2818
2819
2823
2828
2829
2830
2831
2833
2835
2838
2840
2841
2845
2847
2848
2850
2851
2852
2853
2854
2855
2857
2858
2864
2867
2868
2874
2878
2879
2880
2881
2882
2885
2886
2889
2891
2892
2893
2897
2898
2900
2901
2902
2903
2906
2908
2909
2912
2914
2917
2919
2920
2921
2922
2923
2925
2926
2927
2928
2930
2936
2937
2940
2941
2944
2947
2948
2950
2951
2953
2954
2960
2961
2963
2967
2969
2970
2972
2975
2976
2978
2979
2980
2981
2983
2985
2986
2987
2990
2995
2997
2998
3003
3004
3006
3008
3010
3011
3012
3014
3016
3019
3022
3023
3024
3030
3032
3033
3036
3037
3040
3041
3045
3047
3050
3051
3052
3056
3058
3059
3062
3063
3064
3065
3066
3069
3070
3071
3072
3074
3076
3078
3080
3081
3083
3084
3086
3087
3090
3092
3093
3094
3102
3110
3111
3112
3113
3114
3116
3117
3119
3120
3121
3122
3125
3126
3128
3129
3130
3131
3132
3135
3137
3138
3143
3144
3145
3146
3150
3152
3153
3155
3156
3157
3158
3162
3164
3166
3167
3170
3173
3174
3176
3179
3180
3184
3186
3187
3189
3190
3192
3196
3198
3199
3200
3201
3205
3207
3209
3210
3212
3213
3214
3215
3218
3219
3221
3222
3223
3225
3227
3230
3234
3238
3239
3240
3241
3245
3249
3253
3254
3256
3257
3260
3262
3263
3265
3266
3269
3272
3273
3275
3276
3279
3283
3284
3286
3287
3295
3297
3298
3299
3301
3304
3307
3309
3310
3311
3313
3317
3321
3326
3327
3328
3329
3330
3331
3332
3333
3334
3335
3338
3340
3341
3343
3344
3345
3346
3348
3350
3352
3353
3354
3355
3360
3362
3363
3364
3367
3370
3371
3375
3376
3378
3379
3380
3382
3383
3384
3385
3387
3390
3391
3392
3393
3394
3396
3397
3401
3402
3404
3406
3407
3408
3411
3414
3415
3416
3418
3419
3420
3422
3426
3427
3428
3430
3434
3438
3439
3441
3444
3446
3447
3449
3450
3451
3452
3454
3455
3456
3458
3459
3460
3461
3464
3465
3466
3467
3469
3470
3471
3474
3475
3476
3481
3482
3490
3491
3492
3493
3496
3497
3498
3499
3503
3504
3505
3508
3510
3514
3515
3516
3517
3521
3523
3524
3525
3526
3528
3529
3531
3533
3535
3538
3539
3540
3541
3542
3543
3544
3547
3549
3553
3554
3556
3559
3560
3561
3563
3564
3565
3566
3568
3569
3573
3574
3575
3577
3578
3580
3582
3585
3586
3590
3593
3596
3597
3599
3600
3604
3605
3607
3611
3616
3619
3620
3622
3623
3625
3628
3629
3633
3642
3644
3646
3649
3650
3653
3654
3655
3656
3659
3660
3662
3663
3666
3670
3671
3672
3673
3676
3680
3685
3686
3689
3690
3691
3692
3694
3695
3697
3698
3700
3701
3702
3705
3706
3707
3708
3711
3713
3714
3716
3721
3722
3726
3728
3729
3730
3731
3734
3735
3737
3740
3741
3743
3745
3749
3751
3752
3753
3754
3755
3756
3757
3758
3760
3765
3768
3770
3771
3772
3774
3775
3777
3779
3780
3782
3783
3784
3787
3788
3789
3790
3793
3794
3796
3797
3798
3800
3801
3802
3803
3805
3807
3808
3811
3815
3816
3817
3818
3820
3821
3822
3824
3826
3828
3831
3834
3835
3836
3837
3838
3840
3843
3844
3845
3847
3848
3850
3851
3852
3854
3858
3863
3864
3868
3869
3870
3872
3874
3875
3876
3877
3879
3882
3883
3885
3887
3889
3891
3892
3900
3901
3904
3905
3908
3910
3911
3912
3915
3916
3918
3919
3920
3922
3923
3924
3926
3927
3930
3932
3933
3935
3937
3938
3939
3940
3942
3943
3944
3945
3946
3947
3949
3952
3953
3954
3955
3958
3961
3962
3964
3965
3966
3967
3968
3969
3971
3973
3975
3976
3978
3980
3982
3984
3985
3987
3988
3992
3997
3998
4000
4001
4002
4004
4005
4006
4008
4010
4011
4015
4017
4018
4020
4021
4022
4024
4025
4026
4027
4028
4032
4033
4035
4036
4039
4041
4043
4044
4045
4048
4053
4054
4057
4058
4060
4064
4066
4067
4068
4069
4073
4075
4076
4077
4078
4085
4086
4087
4088
4092
4094
4095
4096
4098
4099
4100
4102
4104
4105
4106
4107
4110
4112
4113
4115
4116
4117
4118
4119
4124
4127
4131
4132
4133
4138
4140
4145
4147
4148
4149
4153
4154
4155
4157
4158
4160
4161
4165
4166
4169
4170
4171
4173
4174
4175
4178
4181
4182
4183
4184
4185
4186
4189
4190
4191
4193
4194
4195
4198
4199
4200
4202
4203
4204
4205
4208
4211
4212
4213
4214
4218
4219
4221
4223
4226
4227
4229
4232
4235
4237
4238
4240
4241
4242
4249
4251
4254
4256
4257
4258
4259
4260
4262
4264
4266
4270
4272
4273
4274
4275
4276
4277
4278
4279
4282
4283
4287
4291
4292
4295
4297
4299
4301
4304
4305
4307
4311
4312
4317
4321
4322
4323
4325
4326
4327
4329
4330
4331
4332
4333
4338
4341
4342
4345
4346
4347
4352
4354
4355
4358
4362
4363
4368
4369
4371
4373
4374
4377
4382
4384
4385
4386
4387
4390
4391
4392
4396
4400
4401
4402
4403
4404
4405
4406
4407
4408
4409
4414
4416
4418
4419
4420
4422
4423
4424
4425
4427
4428
4430
4432
4433
4434
4435
4436
4438
4441
4442
4444
4446
4448
4449
4450
4452
4455
4456
4458
4459
4463
4465
4466
4467
4468
4469
4470
4471
4472
4473
4474
4476
4480
4483
4486
4489
4494
4495
4500
4501
4502
4503
4506
4507
4508
4512
4514
4515
4517
4519
4521
4523
4524
4525
4528
4530
4532
4534
4535
4537
4538
4541
4542
4543
4544
4545
4546
4547
4548
4551
4553
4554
4555
4556
4557
4558
4559
4562
4565
4566
4567
4573
4576
4577
4581
4582
4583
4584
4585
4586
4587
4589
4592
4593
4594
4595
4596
4601
4602
4605
4607
4608
4610
4611
4614
4615
4616
4617
4618
4620
4624
4625
4627
4628
4630
4631
4633
4635
4641
4642
4643
4645
4647
4648
4650
4651
4652
4653
4654
4655
4657
4659
4661
4663
4664
4666
4667
4668
4669
4672
4674
4675
4678
4680
4681
4683
4688
4690
4694
4695
4696
4697
4698
4700
4702
4710
4712
4713
4715
4716
4719
4723
4724
4725
4726
4727
4728
4730
4731
4733
4734
4735
4738
4739
4741
4742
4744
4745
4746
4747
4748
4751
4752
4753
4756
4763
4766
4767
4768
4771
4774
4775
4776
4778
4781
4782
4784
4786
4787
4788
4789
4793
4794
4795
4802
4806
4807
4808
4809
4810
4816
4817
4821
4823
4824
4827
4829
4830
4831
4833
4834
4835
4836
4841
4843
4845
4849
4850
4851
4852
4856
4857
4867
4868
4869
4871
4874
4878
4879
4880
4881
4882
4883
4884
4887
4888
4889
4891
4894
4897
4903
4904
4907
4908
4911
4913
4915
4916
4917
4919
4920
4921
4922
4923
4924
4929
4930
4931
4932
4934
4937
4939
4940
4942
4943
4944
4946
4950
4953
4954
4956
4957
4958
4959
4960
4961
4963
4964
4965
4968
4969
4971
4974
4977
4980
4981
4990
4991
4992
4996
4998
5001
5005
5006
5007
5009
5010
5011
5016
5017
5019
5020
5021
5025
5026
5028
5035
5036
5038
5039
5041
5042
5043
5044
5045
5048
5050
5053
5054
5056
5060
5063
5069
5072
5073
5075
5076
5077
5079
5080
5081
5083
5084
5085
5086
5087
5088
5089
5090
5092
5095
5096
5097
5099
5100
5102
5105
5106
5116
5117
5120
5121
5123
5124
5126
5127
5132
5133
5135
5136
5138
5139
5140
5141
5145
5146
5151
5155
5157
5159
5160
5164
5165
5170
5171
5172
5173
5174
5177
5178
5179
5180
5182
5186
5187
5189
5192
5193
5195
5196
5197
5198
5199
5204
5205
5206
5211
5213
5214
5217
5218
5219
5220
5222
5223
5224
5225
5227
5228
5229
5231
5232
5235
5236
5237
5239
5240
5241
5242
5243
5244
5246
5248
5249
5250
5251
5253
5256
5257
5258
5260
5262
5265
5270
5273
5277
5278
5282
5285
5286
5290
5291
5294
5296
5297
5299
5300
5301
5302
5303
5304
5305
5306
5309
5310
5313
5314
5315
5316
5320
5322
5323
5325
5326
5329
5330
5331
5332
5333
5338
5339
5340
5342
5344
5350
5352
5353
5356
5360
5361
5363
5366
5367
5370
5371
5373
5374
5376
5377
5380
5382
5383
5384
5385
5390
5391
5392
5393
5394
5396
5397
5398
5400
5403
5406
5407
5411
5412
5413
5414
5415
5416
5417
5418
5421
5423
5428
5431
5435
5436
5438
5439
5441
5442
5444
5446
5447
5448
5450
5451
5456
5457
5458
5459
5460
5465
5467
5468
5470
5472
5473
5475
5476
5477
5479
5480
5482
5487
5488
5489
5493
5494
5495
5496
5498
5500
5503
5505
5506
5507
5508
5511
5512
5513
5515
5518
5519
5522
5523
5525
5527
5528
5529
5534
5536
5537
5540
5542
5544
5545
5548
5557
5558
5560
5561
5564
5566
5568
5573
5576
5580
5582
5584
5585
5586
5590
5593
5594
5595
5597
5600
5601
5603
5605
5608
5609
5610
5612
5613
5614
5616
5618
5619
5620
5623
5631
5635
5636
5639
5640
5642
5643
5644
5648
5651
5652
5655
5657
5666
5668
5672
5673
5675
5676
5677
5678
5681
5684
5686
5687
5688
5691
5692
5693
5694
5696
5698
5700
5702
5704
5705
5706
5709
5710
5713
5714
5715
5717
5719
5720
5721
5722
5723
5724
5725
5727
5728
5730
5731
5734
5738
5740
5741
5742
5743
5747
5748
5749
5750
5753
5757
5761
5763
5765
5767
5768
5771
5773
5774
5777
5784
5789
5790
5792
5796
5799
5802
5805
5806
5807
5808
5809
5813
5814
5817
5820
5822
5825
5826
5828
5829
5833
5834
5836
5837
5838
5839
5840
5842
5849
5852
5853
5854
5856
5857
5858
5860
5863
5864
5866
5867
5869
5871
5872
5873
5874
5875
5876
5879
5881
5884
5885
5886
5887
5889
5891
5893
5897
5898
5900
5901
5902
5903
5906
5909
5911
5912
5913
5914
5915
5919
5921
5922
5924
5929
5930
5931
5934
5935
5939
5940
5943
5944
5945
5946
5947
5948
5950
5951
5955
5957
5958
5959
5960
5964
5965
5966
5968
5969
5974
5976
5978
5979
5980
5982
5983
5986
5987
5988
5989
5992
5995
6000
6002
6003
6004
6008
6009
6010
6011
6012
6013
6017
6019
6020
6021
6023
6024
6025
6027
6029
6033
6034
6036
6037
6039
6041
6042
6044
6045
6046
6051
6052
6053
6054
6055
6057
6058
6060
6061
6065
6067
6070
6074
6075
6076
6078
6081
6082
6083
6084
6087
6088
6089
6090
6091
6094
6096
6098
6100
6101
6102
6103
6104
6106
6107
6110
6112
6114
6117
6118
6119
6122
6124
6125
6126
6127
6129
6130
6133
6139
6142
6143
6144
6146
6152
6154
6156
6157
6158
6159
6162
6165
6166
6173
6176
6180
6185
6186
6188
6191
6192
6193
6197
6199
6200
6202
6204
6208
6209
6211
6213
6215
6216
6217
6221
6223
6224
6226
6228
6232
6233
6234
6236
6237
6238
6241
6245
6246
6247
6248
6249
6265
6267
6268
6269
6274
6275
6278
6279
6281
6284
6286
6289
6290
6292
6295
6297
6300
6302
6305
6306
6307
6308
6311
6314
6315
6316
6318
6319
6321
6322
6323
6324
6325
6327
6328
6329
6335
6337
6338
6339
6340
6341
6342
6343
6347
6348
6349
6350
6353
6354
6355
6356
6357
6358
6359
6364
6365
6366
6369
6371
6373
6374
6377
6378
6381
6385
6386
6387
6388
6389
6391
6398
6399
6400
6401
6402
6403
6404
6405
6406
6407
6408
6409
6411
6412
6413
6414
6416
6420
6422
6423
6425
6426
6427
6430
6431
6433
6434
6435
6437
6441
6442
6446
6447
6448
6450
6453
6454
6455
6456
6457
6460
6461
6463
6465
6469
6471
6472
6475
6476
6477
6478
6480
6481
6482
6483
6484
6485
6486
6488
6489
6490
6493
6495
6496
6498
6499
6501
6502
6503
6505
6506
6512
6515
6516
6517
6518
6521
6524
6526
6529
6530
6533
6536
6537
6540
6542
6543
6544
6548
6549
6550
6551
6553
6554
6561
6563
6565
6566
6567
6568
6570
6573
6577
6579
6582
6583
6588
6589
6590
6591
6593
6595
6596
6598
6600
6601
6603
6604
6605
6612
6613
6614
6615
6618
6630
6633
6636
6640
6643
6644
6646
6647
6649
6650
6655
6656
6657
6660
6661
6664
6665
6668
6670
6675
6676
6678
6679
6680
6682
6683
6684
6694
6695
6696
6698
6701
6702
6704
6705
6708
6709
6712
6714
6716
6717
6723
6724
6726
6728
6729
6730
6731
6733
6735
6736
6737
6738
6741
6743
6744
6746
6747
6748
6749
6750
6751
6754
6755
6757
6758
6759
6761
6762
6764
6769
6771
6772
6773
6774
6775
6778
6779
6781
6782
6785
6786
6788
6789
6790
6791
6792
6793
6797
6800
6802
6804
6806
6809
6810
6813
6817
6818
6819
6820
6822
6824
6825
6829
6831
6834
6836
6837
6838
6839
6840
6844
6846
6847
6850
6851
6852
6853
6855
6858
6859
6861
6862
6863
6864
6865
6868
6869
6870
6871
6873
6874
6876
6878
6879
6881
6882
6883
6885
6886
6887
6888
6889
6890
6892
6897
6898
6905
6906
6908
6917
6918
6921
6923
6924
6929
6930
6934
6935
6937
6939
6940
6943
6944
6946
6947
6949
6951
6952
6953
6954
6955
6962
6967
6968
6969
6970
6971
6973
6974
6975
6977
6979
6980
6982
6984
6985
6986
6987
6988
6990
6992
6994
6995
6996
6997
6998
6999
7000
7002
7003
7004
7007
7009
7011
7013
7014
7015
7016
7020
7021
7025
7026
7031
7033
7035
7039
7040
7041
7042
7045
7048
7049
7052
7053
7054
7055
7056
7060
7061
7062
7063
7066
7069
7070
7071
7073
7075
7077
7078
7079
7081
7084
7086
7089
7091
7092
7096
7099
7100
7101
7102
7104
7105
7106
7107
7111
7114
7115
7116
7117
7118
7119
7120
7122
7128
7129
7130
7131
7132
7133
7134
7136
7142
7143
7145
7146
7147
7148
7152
7154
7155
7156
7158
7162
7163
7164
7172
7174
7177
7178
7179
7182
7184
7185
7186
7187
7189
7191
7192
7193
7194
7196
7197
7198
7203
7205
7207
7208
7210
7211
7212
7213
7214
7218
7221
7226
7227
7229
7232
7235
7236
7237
7238
7240
7243
7251
7252
7254
7255
7256
7258
7259
7260
7262
7265
7266
7267
7268
7270
7271
7272
7273
7275
7277
7278
7280
7283
7284
7285
7287
7289
7291
7292
7294
7295
7296
7297
7298
7299
7300
7306
7308
7310
7311
7313
7314
7316
7320
7322
7323
7324
7325
7327
7329
7330
7335
7336
7337
7338
7340
7341
7342
7344
7345
7346
7348
7350
7351
7353
7354
7356
7357
7358
7360
7363
7364
7365
7366
7368
7369
7370
7371
7377
7378
7381
7383
7385
7386
7387
7388
7389
7390
7391
7393
7394
7395
7396
7399
7400
7402
7404
7406
7407
7408
7409
7410
7414
7415
7417
7418
7419
7421
7424
7425
7427
7429
7430
7432
7434
7436
7437
7438
7441
7451
7453
7455
7458
7459
7460
7462
7463
7465
7467
7468
7469
7470
7471
7472
7477
7479
7482
7483
7484
7489
7490
7491
7492
7493
7495
7496
7497
7502
7503
7505
7507
7509
7510
7511
7512
7513
7515
7517
7518
7519
7520
7521
7522
7523
7524
7525
7526
7527
7528
7529
7530
7531
7532
7534
7538
7539
7540
7541
7542
7543
7544
7545
7546
7549
7550
7552
7553
7557
7558
7562
7563
7564
7565
7568
7569
7571
7572
7574
7575
7576
7579
7580
7582
7583
7584
7587
7588
7590
7591
7592
7594
7596
7598
7600
7601
7602
7603
7604
7605
7607
7608
7610
7613
7614
7616
7617
7619
7620
7624
7626
7629
7630
7631
7633
7634
7639
7640
7641
7648
7649
7650
7651
7653
7654
7655
7659
7661
7662
7664
7666
7668
7672
7674
7675
7676
7677
7679
7681
7687
7691
7692
7693
7695
7696
7697
7700
7701
7702
7703
7705
7708
7709
7710
7711
7718
7720
7724
7730
7731
7732
7736
7738
7740
7742
7743
7745
7746
7748
7749
7750
7753
7754
7755
7759
7761
7762
7763
7765
7766
7768
7769
7770
7771
7773
7778
7780
7781
7787
7788
7792
7793
7794
7795
7797
7798
7799
7804
7806
7809
7812
7816
7817
7818
7822
7824
7825
7826
7827
7828
7829
7830
7831
7833
7836
7838
7841
7843
7844
7846
7847
7848
7850
7851
7853
7855
7856
7857
7858
7859
7860
7863
7866
7869
7873
7874
7878
7880
7885
7886
7887
7888
7889
7890
7893
7894
7895
7898
7900
7907
7909
7910
7912
7913
7914
7916
7917
7918
7919
7920
7922
7923
7925
7927
7928
7932
7933
7934
7937
7941
7944
7947
7948
7949
7950
7951
7952
7953
7954
7955
7958
7959
7961
7962
7963
7967
7968
7969
7970
7971
7972
7973
7976
7978
7979
7981
7982
7985
7986
7987
7988
7989
7991
7992
7993
7996
7997
8000
8001
8005
8007
8008
8009
8010
8012
8014
8015
8016
8017
8018
8020
8021
8022
8023
8025
8026
8027
8028
8029
8030
8032
8033
8034
8035
8037
8039
8044
8045
8047
8048
8051
8053
8054
8055
8058
8062
8063
8064
8065
8067
8068
8070
8072
8073
8076
8079
8080
8082
8084
8085
8087
8093
8094
8095
8099
8101
8105
8106
8107
8111
8112
8113
8115
8117
8122
8124
8125
8126
8128
8131
8132
8133
8135
8136
8138
8141
8143
8144
8145
8146
8148
8151
8154
8156
8157
8158
8160
8161
8162
8166
8168
8171
8172
8174
8177
8179
8183
8184
8185
8186
8188
8189
8190
8192
8194
8195
8197
8198
8199
8200
8201
8202
8205
8208
8210
8214
8216
8217
8218
8219
8220
8222
8224
8227
8228
8230
8231
8233
8234
8235
8236
8237
8238
8239
8240
8241
8242
8248
8249
8250
8252
8254
8255
8256
8257
8260
8261
8262
8263
8264
8265
8266
8267
8268
8269
8272
8273
8274
8275
8276
8277
8280
8282
8285
8286
8287
8288
8293
8295
8296
8297
8298
8300
8303
8304
8305
8308
8309
8310
8311
8312
8314
8315
8316
8317
8318
8319
8320
8323
8325
8326
8327
8328
8330
8331
8333
8334
8335
8336
8337
8338
8339
8341
8343
8345
8348
8349
8350
8351
8352
8354
8355
8357
8358
8359
8361
8363
8364
8365
8370
8372
8374
8377
8378
8379
8380
8381
8382
8383
8385
8386
8389
8392
8397
8399
8401
8402
8409
8410
8411
8412
8413
8414
8415
8416
8418
8419
8420
8421
8424
8426
8427
8429
8430
8431
8435
8436
8437
8438
8439
8441
8442
8444
8445
8446
8447
8448
8449
8452
8454
8455
8456
8459
8463
8464
8465
8468
8469
8470
8471
8472
8474
8475
8476
8477
8479
8480
8481
8485
8487
8491
8492
8493
8494
8495
8496
8497
8501
8504
8505
8506
8507
8508
8509
8510
8511
8512
8513
8514
8515
8518
8519
8522
8524
8529
8532
8533
8534
8537
8538
8542
8546
8547
8548
8551
8552
8555
8556
8558
8561
8562
8563
8567
8568
8570
8572
8573
8574
8575
8576
8578
8581
8587
8589
8592
8595
8597
8604
8607
8608
8609
8612
8614
8616
8618
8621
8622
8624
8625
8626
8627
8629
8633
8634
8635
8636
8638
8639
8641
8642
8643
8644
8645
8648
8650
8653
8654
8657
8658
8659
8661
8662
8666
8669
8671
8672
8673
8674
8675
8677
8679
8680
8681
8682
8683
8686
8687
8688
8689
8690
8691
8693
8694
8696
8697
8698
8701
8704
8706
8708
8709
8711
8712
8713
8714
8715
8716
8717
8719
8721
8722
8723
8725
8726
8727
8728
8734
8737
8741
8742
8743
8747
8749
8751
8752
8754
8755
8756
8758
8760
8761
8762
8763
8772
8773
8776
8777
8778
8779
8780
8781
8782
8784
8785
8787
8788
8789
8793
8794
8795
8796
8800
8803
8806
8807
8809
8811
8812
8813
8814
8815
8816
8817
8818
8819
8821
8822
8824
8825
8826
8827
8828
8830
8832
8834
8835
8838
8839
8842
8843
8845
8848
8851
8860
8862
8863
8864
8865
8866
8869
8874
8877
8880
8881
8883
8885
8886
8887
8888
8889
8890
8891
8893
8895
8896
8898
8899
8900
8903
8904
8905
8907
8910
8912
8914
8921
8924
8927
8928
8930
8932
8933
8935
8936
8938
8940
8941
8942
8943
8945
8950
8951
8953
8954
8955
8956
8958
8962
8965
8966
8968
8970
8971
8975
8976
8977
8980
8982
8983
8984
8986
8987
8988
8989
8992
8993
8996
8998
8999
9001
9002
9003
9004
9007
9010
9011
9012
9014
9015
9016
9018
9019
9022
9024
9025
9026
9028
9029
9030
9031
9035
9037
9038
9040
9041
9042
9043
9045
9048
9049
9050
9052
9053
9054
9055
9057
9059
9061
9062
9064
9066
9067
9068
9069
9070
9072
9073
9076
9078
9081
9082
9083
9084
9087
9091
9092
9093
9094
9095
9096
9098
9100
9101
9108
9113
9114
9115
9116
9117
9118
9119
9120
9122
9124
9130
9131
9134
9136
9137
9138
9144
9145
9146
9147
9149
9150
9151
9152
9153
9159
9163
9164
9165
9166
9167
9168
9169
9170
9172
9178
9179
9180
9181
9182
9183
9184
9186
9191
9194
9196
9197
9199
9202
9203
9205
9206
9207
9208
9209
9213
9216
9217
9218
9220
9222
9223
9225
9226
9227
9229
9231
9232
9234
9236
9237
9243
9244
9246
9247
9249
9251
9252
9253
9255
9257
9259
9260
9262
9265
9266
9268
9270
9271
9272
9273
9275
9278
9280
9281
9282
9286
9287
9291
9293
9295
9297
9298
9303
9304
9305
9306
9308
9309
9315
9316
9317
9318
9320
9321
9322
9323
9324
9326
9327
9329
9331
9332
9334
9335
9336
9337
9339
9340
9343
9345
9347
9349
9351
9353
9354
9357
9359
9360
9361
9362
9363
9365
9366
9367
9370
9371
9372
9374
9375
9377
9378
9379
9380
9381
9382
9384
9385
9387
9388
9389
9390
9394
9396
9398
9399
9400
9401
9402
9403
9405
9407
9409
9410
9415
9416
9419
9420
9423
9424
9427
9428
9430
9433
9437
9441
9442
9443
9447
9448
9449
9454
9455
9456
9457
9459
9460
9465
9466
9467
9468
9469
9470
9471
9473
9475
9480
9481
9482
9484
9486
9490
9492
9493
9496
9497
9498
9502
9503
9505
9507
9509
9511
9512
9513
9517
9518
9519
9520
9521
9522
9523
9524
9525
9527
9528
9532
9533
9537
9538
9539
9540
9542
9543
9544
9545
9547
9552
9553
9554
9558
9559
9563
9564
9566
9567
9568
9569
9571
9572
9574
9575
9576
9579
9580
9581
9582
9583
9584
9587
9588
9590
9591
9592
9594
9595
9597
9598
9599
9600
9601
9602
9603
9604
9606
9608
9609
9610
9612
9613
9617
9619
9623
9624
9627
9628
9629
9630
9631
9632
9633
9634
9636
9637
9638
9643
9644
9648
9652
9653
9654
9656
9657
9659
9660
9661
9662
9663
9665
9666
9669
9671
9672
9674
9676
9678
9679
9683
9687
9689
9691
9692
9694
9695
9696
9697
9699
9701
9702
9703
9704
9707
9711
9712
9715
9717
9718
9720
9721
9722
9723
9725
9726
9727
9728
9731
9734
9736
9737
9738
9739
9742
9744
9745
9746
9747
9748
9753
9754
9755
9756
9757
9758
9759
9760
9762
9764
9766
9768
9769
9770
9772
9773
9774
9776
9777
9780
9781
9785
9786
9790
9791
9792
9796
9802
9804
9806
9807
9808
9809
9810
9811
9817
9818
9819
9821
9824
9825
9826
9827
9828
9830
9832
9833
9834
9835
9836
9839
9840
9841
9844
9846
9848
9853
9854
9858
9859
9861
9862
9863
9864
9865
9866
9869
9873
9875
9876
9878
9880
9881
9882
9883
9886
9887
9888
9889
9890
9891
9892
9895
9896
9898
9899
9900
9901
9903
9906
9908
9910
9911
9912
9914
9915
9917
9918
9919
9920
9922
9923
9925
9926
9927
9929
9933
9934
9935
9936
9937
9938
9940
9942
9943
9945
9946
9947
9948
9949
9951
9952
9953
9954
9956
9958
9960
9962
9963
9964
9965
9966
9969
9970
9973
9978
9979
9981
9982
9983
9984
9994
9996
9999
10000
10001
10005
10011
10012
10013
10014
10015
10016
10019
10020
10021
10023
10025
10026
10028
10029
10030
10031
10032
10033
10034
10035
10037
10040
10041
10043
10044
10045
10048
10055
10056
10057
10058
10061
10062
10063
10064
10066
10067
10068
10071
10072
10074
10076
10077
10078
10079
10080
10081
10082
10083
10085
10086
10087
10088
10089
10093
10095
10097
10098
10103
10104
10106
10107
10109
10110
10111
10113
10114
10116
10117
10118
10119
10121
10124
10129
10130
10136
10137
10139
10140
10142
10144
10146
10147
10148
10151
10152
10154
10155
10156
10157
10159
10160
10163
10164
10166
10168
10170
10172
10174
10175
10178
10181
10183
10186
10190
10192
10193
10195
10196
10198
10201
10203
10206
10208
10209
10210
10212
10213
10217
10218
10220
10221
10228
10230
10233
10234
10235
10236
10239
10240
10241
10242
10243
10245
10248
10250
10251
10255
10256
10257
10259
10261
10263
10264
10265
10268
10269
10270
10272
10273
10275
10276
10277
10278
10281
10282
10283
10284
10285
10286
10287
10291
10295
10296
10297
10299
10300
10301
10302
10303
10305
10309
10311
10313
10315
10316
10321
10322
10327
10328
10329
10330
10333
10334
10335
10337
10338
10343
10344
10345
10346
10347
10351
10352
10353
10355
10359
10362
10363
10364
10365
10367
10370
10373
10374
10376
10377
10379
10380
10381
10387
10389
10391
10392
10393
10394
10400
10401
10402
10405
10408
10411
10413
10414
10417
10419
10421
10423
10424
10425
10426
10427
10429
10430
10433
10434
10437
10438
10440
10441
10442
10443
10445
10446
10448
10450
10453
10454
10457
10458
10459
10462
10463
10464
10465
10466
10470
10471
10472
10477
10478
10479
10480
10483
10484
10485
10486
10489
10490
10498
10500
10502
10503
10505
10506
10508
10509
10510
10511
10512
10519
10520
10521
10522
10525
10526
10528
10529
10533
10534
10536
10537
10538
10539
10542
10544
10546
10547
10548
10549
10550
10554
10556
10557
10564
10565
10566
10568
10569
10570
10571
10573
10576
10578
10579
10580
10581
10583
10584
10585
10587
10588
10591
10593
10595
10597
10599
10600
10602
10603
10608
10609
10611
10612
10615
10619
10621
10623
10624
10626
10629
10631
10632
10634
10635
10636
10637
10638
10640
10641
10642
10643
10649
10651
10653
10654
10657
10662
10663
10667
10669
10671
10672
10673
10674
10675
10678
10679
10681
10682
10683
10685
10688
10689
10691
10692
10695
10696
10697
10698
10700
10703
10704
10705
10706
10707
10708
10709
10710
10711
10713
10715
10716
10719
10720
10721
10723
10724
10725
10729
10730
10731
10732
10733
10734
10736
10737
10739
10740
10741
10742
10743
10747
10748
10749
10750
10751
10752
10754
10755
10756
10757
10759
10760
10761
10762
10763
10764
10765
10766
10768
10770
10773
10775
10776
10777
10779
10780
10781
10783
10784
10786
10788
10790
10791
10792
10793
10794
10795
10800
10801
10802
10803
10804
10805
10806
10807
10808
10809
10811
10813
10814
10816
10817
10818
10819
10820
10821
10822
10824
10825
10826
10830
10831
10832
10833
10835
10836
10837
10845
10849
10851
10852
10854
10858
10860
10862
10864
10866
10867
10871
10872
10873
10874
10875
10879
10880
10881
10883
10884
10885
10886
10887
10889
10890
10897
10898
10899
10900
10901
10902
10907
10908
10910
10913
10914
10917
10918
10919
10920
10921
10924
10926
10927
10928
10929
10930
10932
10933
10938
10940
10941
10942
10943
10944
10945
10947
10948
10949
10951
10953
10954
10956
10957
10960
10961
10962
10965
10966
10967
10968
10969
10970
10974
10975
10976
10977
10980
10983
10984
10985
10990
10996
10997
10998
10999
11000
11001
11003
11004
11005
11006
11007
11009
11010
11011
11015
11018
11019
11022
11023
11027
11028
11029
11030
11031
11032
11033
11035
11036
11037
11038
11039
11043
11045
11046
11048
11050
11051
11052
11053
11054
11057
11059
11061
11065
11066
11069
11071
11072
11076
11078
11079
11080
11081
11082
11084
11086
11088
11089
11093
11094
11098
11100
11102
11103
11108
11113
11114
11115
11117
11118
11120
11122
11123
11126
11127
11130
11131
11137
11140
11142
11144
11147
11148
11149
11150
11151
11152
11156
11157
11158
11159
11160
11162
11163
11165
11166
11167
11170
11172
11174
11175
11177
11178
11179
11181
11182
11183
11184
11186
11188
11189
11192
11193
11195
11196
11198
11199
11202
11203
11204
11205
11206
11207
11208
11210
11211
11213
11214
11215
11217
11218
11219
11220
11221
11222
11224
11226
11228
11230
11231
11233
11234
11235
11238
11239
11241
11243
11244
11246
11250
11252
11254
11255
11259
11260
11261
11262
11265
11266
11267
11268
11269
11274
11275
11277
11278
11279
11282
11286
11287
11289
11293
11298
11300
11301
11302
11304
11305
11306
11307
11309
11310
11311
11312
11313
11316
11317
11319
11320
11323
11325
11326
11329
11330
11333
11336
11337
11340
11341
11342
11343
11345
11346
11347
11348
11349
11361
11362
11363
11364
11365
11369
11370
11373
11376
11377
11379
11380
11382
11383
11384
11386
11387
11389
11393
11395
11400
11401
11402
11405
11407
11408
11410
11411
11413
11416
11419
11421
11422
11424
11425
11426
11428
11430
11431
11432
11433
11436
11437
11438
11439
11446
11447
11448
11449
11450
11452
11454
11456
11458
11460
11463
11468
11469
11470
11472
11473
11474
11477
11479
11480
11482
11485
11487
11488
11489
11490
11491
11492
11495
11497
11500
11503
11505
11507
11510
11511
11512
11514
11515
11516
11518
11519
11520
11522
11526
11527
11528
11529
11531
11532
11533
11534
11536
11537
11542
11543
11544
11546
11547
11548
11549
11553
11555
11556
11557
11560
11561
11563
11564
11565
11566
11567
11568
11569
11571
11573
11575
11576
11577
11580
11581
11582
11584
11587
11591
11593
11596
11597
11598
11600
11603
11605
11606
11607
11612
11613
11614
11616
11617
11618
11619
11620
11621
11622
11623
11624
11625
11626
11627
11628
11629
11630
11631
11632
11633
11634
11635
11638
11642
11643
11645
11648
11649
11651
11652
11653
11654
11655
11657
11658
11660
11663
11664
11665
11667
11668
11670
11671
11672
11673
11678
11679
11680
11681
11682
11684
11686
11687
11688
11691
11694
11696
11697
11699
11702
11703
11704
11705
11707
11709
11710
11711
11712
11713
11717
11719
11720
11721
11722
11723
11724
11726
11727
11729
11732
11733
11735
11736
11739
11741
11742
11743
11744
11746
11747
11749
11752
11753
11754
11759
11760
11761
11762
11763
11764
11765
11767
11769
11770
11771
11775
11777
11778
11779
11781
11784
11785
11788
11789
11790
11791
11792
11793
11794
11795
11796
11798
11799
11800
11805
11806
11807
11808
11809
11810
11811
11812
11813
11815
11817
11819
11820
11821
11824
11828
11831
11832
11835
11836
11837
11839
11840
11841
11842
11843
11845
11846
11847
11849
11852
11855
11856
11857
11858
11860
11861
11862
11863
11868
11869
11870
11877
11878
11879
11881
11882
11883
11885
11889
11891
11893
11894
11895
11896
11898
11900
11902
11906
11907
11909
11910
11912
11915
11917
11918
11921
11922
11925
11927
11929
11931
11932
11933
11934
11937
11938
11939
11944
11945
11948
11949
11950
11951
11952
11953
11956
11957
11958
11960
11961
11962
11963
11964
11965
11966
11967
11968
11971
11972
11974
11975
11976
11977
11979
11980
11981
11982
11983
11984
11985
11986
11987
11988
11989
11990
11992
11996
11997
11998
11999
12000
12001
12004
12005
12007
12008
12011
12012
12016
12020
12021
12022
12023
12024
12025
12026
12031
12033
12034
12035
12036
12037
12040
12042
12044
12047
12048
12049
12050
12054
12055
12056
12057
12062
12063
12065
12068
12070
12073
12074
12075
12077
12078
12079
12081
12082
12085
12087
12088
12089
12090
12091
12093
12095
12096
12097
12098
12103
12104
12105
12106
12107
12109
12110
12111
12114
12115
12116
12118
12119
12120
12121
12122
12124
12125
12126
12129
12130
12131
12132
12133
12134
12135
12136
12139
12141
12142
12143
12144
12145
12146
12148
12151
12153
12155
12156
12157
12159
12160
12163
12166
12169
12170
12171
12173
12174
12176
12178
12179
12180
12182
12183
12184
12187
12188
12189
12192
12193
12194
12196
12201
12202
12203
12204
12205
12207
12208
12213
12214
12216
12217
12219
12221
12222
12225
12227
12228
12229
12230
12231
12233
12234
12236
12237
12238
12239
12240
12242
12243
12244
12245
12247
12249
12251
12252
12253
12255
12256
12259
12260
12261
12262
12263
12264
12266
12267
12268
12271
12273
12274
12277
12279
12281
12282
12284
12285
12286
12288
12289
12290
12291
12292
12294
12298
12299
12300
12302
12304
12305
12306
12308
12309
12310
12311
12312
12315
12317
12320
12323
12325
12327
12328
12330
12331
12332
12335
12336
12337
12338
12339
12340
12341
12342
12343
12345
12346
12347
12348
12350
12353
12356
12357
12359
12360
12361
12362
12364
12365
12368
12370
12371
12372
12374
12375
12376
12377
12379
12380
12384
12385
12388
12391
12392
12394
12396
12400
12401
12402
12404
12405
12407
12408
12410
12411
12413
12415
12417
12418
12420
12421
12422
12423
12424
12425
12426
12428
12431
12434
12435
12438
12439
12441
12443
12445
12446
12447
12448
12449
12451
12452
12453
12455
12456
12457
12460
12462
12463
12464
12465
12467
12470
12472
12474
12475
12476
12478
12479
12480
12481
12483
12484
12485
12488
12492
12495
12498
12499
12500
12501
12502
12504
12506
12509
12510
12511
12512
12513
12518
12519
12520
12522
12523
12526
12531
12533
12536
12543
12545
12546
12547
12549
12550
12551
12552
12553
12554
12555
12558
12560
12563
12564
12565
12566
12567
12570
12572
12573
12574
12575
12576
12577
12579
12580
12581
12584
12586
12590
12592
12593
12594
12597
12599
12600
12601
12602
12604
12605
12606
12609
12610
12614
12615
12616
12617
12618
12619
12620
12622
12623
12624
12625
12626
12628
12629
12631
12632
12633
12636
12639
12641
12642
12643
12644
12645
12646
12649
12651
12653
12655
12657
12659
12660
12668
12669
12670
12671
12674
12677
12678
12679
12680
12681
12682
12683
12684
12686
12688
12689
12691
12693
12694
12695
12696
12699
12700
12701
12702
12703
12704
12705
12710
12711
12714
12715
12717
12719
12726
12728
12729
12730
12732
12734
12735
12736
12737
12738
12740
12742
12743
12744
12748
12749
12751
12756
12758
12759
12761
12762
12763
12765
12767
12769
12776
12779
12780
12781
12782
12783
12784
12786
12787
12788
12789
12791
12793
12795
12796
12797
12798
12799
12800
12802
12803
12804
12807
12808
12812
12815
12816
12817
12819
12820
12821
12822
12823
12824
12825
12827
12829
12830
12832
12833
12836
12837
12838
12839
12840
12841
12843
12844
12845
12846
12848
12850
12851
12855
12860
12861
12863
12866
12867
12869
12870
12872
12873
12875
12876
12878
12880
12884
12885
12887
12889
12890
12891
12892
12893
12894
12898
12900
12901
12902
12903
12904
12905
12906
12907
12908
12909
12913
12915
12916
12917
12918
12919
12921
12922
12923
12926
12928
12929
12930
12931
12932
12934
12935
12937
12938
12939
12940
12941
12945
12946
12949
12952
12953
12956
12957
12958
12961
12964
12965
12966
12970
12973
12975
12976
12977
12978
12980
12981
12982
12983
12984
12985
12986
12987
12989
12991
12992
12993
12994
12995
12997
12999
13001
13002
13003
13006
13007
13008
13009
13010
13013
13014
13015
13020
13021
13024
13026
13029
13030
13031
13032
13033
13034
13035
13036
13039
13040
13041
13042
13043
13044
13046
13047
13048
13049
13051
13054
13056
13057
13059
13060
13061
13062
13064
13065
13066
13067
13069
13070
13071
13072
13075
13076
13077
13078
13080
13081
13085
13087
13092
13093
13094
13095
13096
13097
13100
13102
13104
13105
13107
13108
13110
13113
13114
13115
13116
13118
13119
13120
13121
13122
13123
13124
13127
13129
13131
13132
13135
13138
13139
13143
13145
13146
13148
13149
13151
13152
13154
13155
13156
13157
13158
13159
13162
13163
13166
13167
13170
13171
13172
13173
13174
13178
13179
13182
13183
13184
13188
13189
13195
13196
13197
13198
13201
13203
13204
13206
13207
13209
13210
13211
13212
13213
13215
13218
13219
13223
13224
13225
13226
13227
13228
13231
13234
13237
13238
13239
13240
13242
13243
13245
13251
13252
13254
13256
13257
13258
13261
13264
13266
13269
13270
13272
13273
13275
13280
13281
13282
13284
13287
13291
13292
13293
13294
13296
13297
13298
13299
13300
13301
13302
13303
13305
13307
13308
13309
13310
13311
13312
13314
13315
13316
13320
13321
13323
13324
13327
13328
13329
13331
13333
13334
13340
13341
13342
13344
13347
13349
13351
13352
13355
13356
13357
13360
13361
13362
13363
13365
13366
13367
13368
13369
13371
13373
13374
13376
13379
13381
13383
13384
13385
13394
13395
13397
13400
13401
13402
13406
13407
13408
13409
13412
13413
13414
13416
13417
13418
13420
13422
13426
13428
13429
13430
13431
13433
13434
13436
13440
13441
13442
13443
13445
13447
13448
13449
13450
13451
13453
13454
13455
13457
13458
13459
13461
13462
13463
13469
13471
13472
13473
13474
13475
13477
13478
13479
13480
13481
13482
13483
13484
13485
13486
13488
13490
13493
13494
13495
13499
13500
13502
13503
13505
13507
13513
13514
13518
13519
13521
13526
13528
13529
13531
13534
13535
13536
13538
13540
13542
13543
13544
13545
13546
13551
13552
13553
13555
13557
13559
13561
13562
13563
13566
13567
13569
13571
13573
13574
13575
13576
13577
13578
13580
13582
13583
13586
13589
13591
13592
13594
13598
13599
13601
13602
13603
13605
13606
13609
13610
13612
13613
13614
13616
13618
13622
13626
13628
13629
13630
13631
13633
13634
13635
13637
13638
13639
13642
13643
13645
13647
13649
13652
13653
13655
13656
13659
13660
13661
13662
13663
13664
13665
13668
13672
13675
13676
13677
13678
13680
13682
13686
13688
13689
13690
13691
13694
13700
13701
13703
13704
13707
13708
13709
13710
13711
13713
13714
13716
13717
13718
13719
13720
13721
13723
13724
13725
13729
13730
13733
13735
13736
13737
13738
13740
13741
13742
13743
13744
13745
13746
13747
13748
13750
13751
13752
13753
13754
13756
13758
13759
13762
13763
13764
13765
13766
13769
13770
13771
13772
13774
13775
13776
13778
13779
13781
13782
13783
13785
13787
13788
13789
13790
13792
13794
13795
13796
13799
13800
13801
13803
13804
13809
13811
13812
13814
13817
13818
13820
13822
13823
13824
13826
13827
13832
13833
13836
13837
13838
13839
13841
13842
13843
13845
13847
13850
13851
13852
13854
13855
13856
13857
13858
13859
13860
13861
13863
13864
13865
13866
13867
13868
13869
13872
13874
13875
13876
13877
13879
13881
13882
13886
13887
13888
13889
13891
13892
13893
13895
13896
13897
13898
13900
13901
13902
13903
13906
13908
13911
13913
13915
13918
13919
13921
13922
13925
13926
13927
13928
13929
13930
13932
13933
13934
13935
13936
13937
13938
13940
13945
13947
13948
13949
13950
13951
13953
13954
13956
13957
13960
13961
13963
13964
13965
13966
13969
13971
13972
13973
13974
13976
13977
13979
13980
13981
13982
13983
13985
13987
13989
13991
13993
13996
13998
13999
14000
14001
14003
14004
14005
14006
14010
14012
14013
14016
14017
14019
14020
14021
14024
14029
14033
14035
14036
14037
14038
14039
14040
14041
14043
14044
14045
14047
14049
14050
14051
14052
14053
14054
14055
14058
14059
14062
14063
14065
14066
14067
14069
14071
14072
14076
14077
14079
14082
14083
14084
14086
14089
14090
14092
14093
14094
14095
14097
14098
14099
14100
14101
14102
14103
14105
14107
14108
14109
14110
14113
14114
14117
14119
14120
14123
14124
14125
14126
14127
14132
14133
14134
14136
14137
14139
14141
14142
14146
14147
14150
14151
14152
14153
14155
14156
14160
14162
14163
14165
14166
14168
14174
14176
14180
14182
14185
14186
14187
14190
14193
14197
14198
14205
14206
14207
14208
14209
14210
14211
14212
14215
14216
14217
14218
14219
14220
14222
14224
14225
14226
14230
14235
14237
14240
14241
14245
14246
14247
14249
14253
14254
14255
14256
14257
14259
14260
14261
14262
14263
14264
14266
14269
14270
14271
14274
14275
14276
14277
14278
14279
14281
14282
14283
14287
14288
14289
14290
14291
14292
14293
14294
14296
14299
14300
14301
14303
14305
14306
14309
14311
14312
14314
14315
14318
14319
14320
14323
14325
14326
14327
14328
14329
14331
14332
14333
14337
14338
14340
14341
14343
14344
14345
14347
14348
14349
14351
14352
14353
14354
14355
14356
14358
14360
14362
14364
14365
14367
14369
14371
14372
14373
14375
14376
14378
14380
14384
14385
14388
14391
14394
14397
14398
14399
14400
14401
14403
14405
14406
14407
14414
14415
14418
14421
14422
14423
14424
14425
14426
14429
14432
14434
14436
14437
14439
14444
14445
14446
14448
14450
14451
14454
14456
14457
14458
14459
14461
14463
14466
14469
14470
14471
14472
14473
14477
14478
14482
14485
14486
14488
14489
14490
14491
14492
14493
14495
14497
14498
14500
14502
14505
14506
14507
14512
14516
14517
14521
14523
14526
14529
14530
14532
14538
14539
14540
14542
14544
14546
14547
14548
14549
14551
14553
14554
14558
14560
14561
14563
14565
14566
14568
14570
14571
14572
14574
14575
14576
14577
14578
14582
14583
14585
14586
14587
14590
14592
14593
14594
14595
14598
14599
14602
14604
14606
14607
14611
14612
14615
14616
14617
14619
14623
14624
14626
14628
14630
14631
14633
14634
14637
14638
14639
14640
14641
14645
14646
14648
14649
14650
14651
14652
14653
14654
14657
14658
14660
14663
14665
14668
14669
14670
14674
14676
14677
14678
14681
14682
14683
14684
14685
14686
14688
14690
14693
14694
14697
14698
14700
14701
14703
14707
14708
14710
14711
14712
14713
14715
14716
14717
14720
14721
14722
14724
14726
14727
14730
14731
14732
14734
14735
14737
14738
14739
14741
14742
14743
14744
14745
14746
14747
14748
14750
14752
14753
14756
14758
14759
14760
14761
14762
14764
14765
14766
14769
14771
14772
14773
14775
14778
14779
14781
14782
14783
14784
14785
14786
14788
14790
14793
14795
14796
14797
14798
14800
14802
14803
14806
14807
14809
14810
14811
14814
14815
14816
14817
14818
14819
14820
14821
14822
14823
14825
14826
14828
14829
14830
14831
14832
14833
14834
14837
14838
14839
14841
14842
14843
14844
14847
14848
14849
14850
14853
14856
14857
14859
14863
14864
14867
14868
14872
14873
14874
14875
14877
14878
14880
14882
14888
14889
14890
14892
14894
14898
14899
14900
14903
14904
14908
14911
14912
14913
14914
14916
14917
14919
14923
14924
14926
14927
14929
14930
14932
14933
14934
14935
14936
14938
14940
14943
14944
14945
14948
14949
14952
14953
14954
14959
14961
14965
14966
14972
14973
14974
14978
14979
14980
14982
14983
14984
14985
14986
14987
14988
14989
14992
14993
14998
14999
15000
15001
15002
15005
15006
15007
15009
15010
15011
15013
15014
15016
15017
15018
15019
15020
15021
15022
15024
15025
15026
15027
15028
15029
15030
15031
15032
15034
15039
15040
15041
15042
15043
15044
15045
15046
15047
15048
15049
15050
15054
15055
15056
15058
15060
15062
15063
15064
15066
15071
15072
15073
15075
15077
15079
15080
15082
15083
15085
15086
15088
15089
15090
15092
15093
15094
15096
15098
15099
15101
15102
15105
15106
15107
15109
15112
15114
15115
15116
15117
15118
15119
15122
15126
15127
15128
15129
15131
15132
15135
15136
15138
15141
15143
15144
15145
15146
15147
15148
15149
15150
15152
15158
15159
15162
15163
15164
15167
15169
15171
15172
15173
15175
15181
15182
15183
15186
15187
15188
15190
15192
15193
15194
15195
15196
15197
15198
15199
15200
15202
15203
15205
15206
15207
15208
15210
15212
15214
15215
15218
15220
15221
15222
15226
15227
15228
15229
15230
15231
15233
15235
15238
15239
15241
15242
15244
15245
15246
15248
15249
15250
15252
15254
15256
15257
15258
15259
15260
15261
15262
15265
15267
15268
15271
15273
15275
15276
15281
15284
15285
15287
15289
15290
15291
15292
15293
15294
15296
15298
15299
15300
15301
15302
15303
15306
15307
15308
15311
15312
15313
15314
15315
15318
15320
15321
15323
15324
15326
15327
15328
15330
15331
15333
15334
15335
15336
15337
15338
15340
15342
15343
15344
15345
15348
15350
15351
15352
15353
15356
15357
15358
15359
15360
15363
15364
15365
15366
15368
15369
15370
15371
15372
15373
15374
15375
15376
15377
15378
15381
15382
15384
15385
15386
15387
15388
15389
15390
15391
15392
15393
15395
15396
15401
15402
15405
15406
15407
15408
15412
15414
15415
15417
15419
15420
15421
15422
15426
15427
15428
15430
15431
15433
15438
15441
15443
15444
15445
15447
15448
15450
15451
15452
15453
15454
15455
15456
15457
15458
15461
15462
15464
15465
15467
15469
15470
15471
15472
15474
15476
15479
15480
15481
15482
15483
15484
15485
15486
15487
15490
15492
15494
15497
15499
15500
15505
15506
15507
15509
15510
15512
15513
15514
15515
15516
15518
15521
15522
15524
15527
15528
15529
15531
15532
15533
15534
15535
15536
15537
15539
15540
15541
15542
15543
15544
15547
15548
15549
15550
15551
15555
15557
15558
15559
15560
15561
15563
15565
15566
15567
15572
15573
15574
15575
15576
15577
15579
15580
15581
15582
15583
15584
15585
15588
15589
15590
15591
15593
15594
15595
15598
15599
15600
15601
15603
15604
15610
15611
15613
15614
15617
15619
15620
15621
15622
15623
15625
15626
15628
15630
15631
15632
15633
15634
15636
15638
15639
15640
15641
15642
15643
15644
15645
15646
15648
15649
15650
15651
15652
15653
15655
15656
15658
15662
15663
15665
15666
15667
15668
15669
15670
15671
15672
15676
15677
15679
15680
15681
15682
15686
15688
15689
15690
15691
15692
15693
15695
15697
15699
15700
15701
15703
15709
15710
15713
15715
15718
15721
15722
15724
15725
15726
15728
15729
15731
15732
15733
15735
15736
15738
15739
15740
15741
15743
15745
15746
15748
15749
15752
15753
15755
15756
15758
15759
15764
15765
15766
15767
15768
15770
15771
15772
15774
15775
15777
15780
15782
15783
15784
15785
15787
15788
15790
15791
15792
15793
15794
15795
15796
15797
15798
15799
15803
15804
15805
15807
15808
15810
15811
15813
15814
15817
15818
15820
15826
15827
15828
15829
15830
15831
15834
15836
15837
15838
15840
15842
15843
15844
15845
15846
15847
15848
15849
15851
15853
15854
15855
15856
15857
15858
15859
15862
15863
15864
15865
15866
15867
15868
15869
15871
15872
15874
15875
15876
15878
15881
15882
15884
15885
15886
15890
15891
15892
15894
15895
15896
15897
15898
15899
15900
15902
15904
15905
15909
15910
15911
15912
15913
15915
15916
15917
15919
15920
15923
15924
15925
15926
15927
15928
15929
15931
15933
15934
15940
15941
15943
15944
15946
15947
15949
15950
15951
15953
15956
15957
15959
15961
15962
15964
15965
15966
15967
15968
15970
15971
15973
15975
15976
15978
15979
15980
15981
15982
15984
15985
15988
15989
15990
15993
15995
15997
15999
16001
16002
16003
16004
16005
16006
16007
16009
16010
16011
16012
16013
16019
16020
16021
16024
16027
16028
16029
16031
16034
16035
16037
16038
16041
16043
16044
16045
16046
16047
16048
16051
16052
16054
16055
16058
16059
16060
16061
16062
16063
16064
16065
16066
16067
16068
16073
16074
16076
16077
16079
16080
16081
16082
16083
16088
16089
16090
16093
16095
16096
16099
16100
16101
16102
16104
16105
16106
16109
16110
16111
16113
16116
16117
16118
16119
16120
16123
16124
16125
16128
16129
16131
16132
16133
16134
16135
16136
16138
16139
16140
16143
16144
16145
16146
16147
16149
16153
16154
16155
16159
16160
16161
16162
16163
16164
16168
16170
16172
16175
16176
16177
16178
16180
16186
16187
16188
16191
16194
16196
16198
16199
16200
16201
16202
16203
16206
16209
16210
16211
16214
16215
16216
16218
16221
16222
16223
16224
16225
16234
16236
16237
16238
16244
16245
16246
16247
16248
16250
16251
16252
16253
16254
16255
16256
16257
16259
16260
16265
16266
16268
16270
16271
16273
16274
16275
16277
16278
16280
16281
16283
16284
16286
16288
16289
16290
16291
16294
16296
16297
16298
16299
16300
16301
16304
16310
16316
16318
16319
16321
16322
16326
16327
16328
16330
16331
16335
16337
16338
16339
16341
16342
16343
16345
16348
16349
16351
16353
16354
16355
16356
16359
16360
16361
16362
16363
16364
16365
16367
16371
16373
16376
16379
16380
16381
16382
16383
16384
16386
16389
16390
16391
16392
16394
16398
16399
16400
16401
16402
16404
16405
16406
16407
16408
16413
16414
16416
16419
16421
16422
16423
16431
16432
16433
16434
16436
16437
16440
16441
16442
16443
16448
16451
16453
16454
16455
16457
16458
16460
16461
16462
16463
16464
16465
16467
16472
16474
16475
16476
16477
16478
16480
16481
16483
16484
16485
16486
16487
16488
16489
16491
16493
16494
16500
16501
16502
16503
16504
16505
16506
16507
16508
16510
16511
16513
16514
16515
16516
16517
16520
16521
16525
16527
16528
16532
16535
16538
16539
16540
16541
16542
16544
16546
16547
16548
16549
16553
16554
16555
16556
16557
16558
16562
16563
16565
16566
16568
16569
16571
16573
16574
16575
16576
16579
16580
16582
16584
16585
16586
16587
16588
16590
16591
16592
16595
16596
16598
16602
16604
16605
16607
16608
16609
16611
16612
16613
16614
16617
16618
16620
16621
16625
16627
16628
16629
16630
16631
16635
16637
16638
16639
16640
16642
16646
16647
16648
16649
16650
16651
16656
16657
16658
16661
16663
16664
16665
16667
16668
16670
16671
16673
16679
16680
16681
16682
16683
16684
16685
16687
16688
16690
16693
16694
16698
16699
16700
16703
16704
16707
16708
16710
16711
16713
16714
16715
16716
16718
16720
16721
16722
16723
16724
16725
16726
16727
16728
16732
16734
16735
16741
16746
16747
16749
16751
16752
16753
16754
16755
16756
16757
16758
16760
16762
16763
16764
16766
16768
16769
16770
16771
16772
16773
16774
16775
16776
16777
16778
16779
16780
16781
16785
16786
16789
16793
16796
16797
16798
16800
16803
16804
16807
16809
16811
16812
16813
16814
16815
16816
16817
16818
16821
16823
16824
16825
16826
16827
16829
16832
16833
16834
16835
16836
16839
16843
16844
16846
16848
16849
16852
16853
16854
16855
16856
16857
16858
16860
16861
16864
16865
16866
16867
16870
16871
16872
16874
16875
16876
16877
16878
16879
16880
16881
16882
16887
16888
16889
16890
16891
16892
16894
16895
16896
16899
16900
16901
16902
16903
16904
16905
16906
16908
16909
16911
16912
16913
16915
16917
16920
16921
16923
16925
16927
16931
16932
16935
16936
16938
16939
16940
16941
16943
16945
16946
16947
16949
16950
16952
16953
16954
16955
16956
16958
16959
16960
16961
16962
16963
16965
16966
16971
16972
16973
16976
16977
16978
16979
16981
16982
16986
16989
16990
16997
16998
16999
17000
17003
17004
17007
17008
17010
17013
17014
17019
17020
17022
17023
17026
17027
17030
17031
17032
17034
17037
17040
17041
17043
17045
17046
17047
17048
17049
17050
17051
17052
17053
17054
17055
17057
17061
17062
17063
17067
17068
17070
17071
17072
17073
17074
17075
17076
17077
17079
17080
17082
17083
17084
17085
17086
17088
17089
17091
17092
17093
17097
17098
17101
17102
17103
17104
17105
17108
17109
17110
17112
17115
17116
17117
17118
17119
17120
17122
17123
17124
17126
17127
17128
17130
17131
17133
17134
17135
17136
17138
17141
17142
17144
17145
17147
17149
17154
17155
17156
17157
17158
17161
17162
17163
17164
17165
17166
17167
17168
17170
17171
17174
17177
17180
17181
17182
17183
17186
17187
17190
17191
17192
17193
17194
17196
17198
17200
17201
17202
17203
17205
17206
17207
17211
17212
17213
17215
17217
17219
17220
17221
17222
17224
17226
17227
17229
17231
17232
17233
17234
17235
17236
17237
17241
17246
17248
17249
17251
17253
17254
17256
17257
17258
17260
17261
17262
17263
17264
17265
17266
17267
17268
17269
17270
17271
17273
17274
17276
17277
17278
17279
17281
17282
17284
17285
17287
17288
17289
17295
17296
17297
17299
17300
17302
17303
17305
17306
17308
17309
17310
17311
17312
17316
17318
17319
17322
17323
17324
17326
17327
17328
17329
17333
17336
17338
17339
17342
17345
17347
17348
17349
17353
17354
17356
17357
17360
17361
17362
17364
17365
17366
17367
17368
17369
17370
17371
17376
17378
17379
17381
17383
17385
17387
17388
17389
17391
17394
17397
17399
17401
17402
17403
17404
17409
17410
17412
17415
17417
17419
17421
17422
17423
17426
17427
17428
17433
17434
17435
17437
17439
17440
17442
17443
17444
17445
17446
17447
17448
17449
17450
17453
17454
17455
17457
17458
17460
17464
17465
17466
17467
17468
17469
17470
17471
17472
17473
17476
17478
17481
17485
17486
17487
17488
17489
17490
17491
17492
17493
17494
17495
17496
17499
17500
17501
17504
17505
17506
17508
17509
17513
17514
17517
17518
17522
17524
17525
17526
17529
17532
17533
17534
17536
17538
17539
17542
17543
17547
17548
17549
17551
17552
17553
17554
17556
17557
17559
17560
17561
17562
17563
17564
17566
17567
17568
17569
17571
17573
17574
17575
17576
17577
17580
17581
17582
17584
17586
17587
17588
17594
17595
17596
17597
17598
17602
17603
17604
17605
17606
17608
17612
17614
17616
17617
17618
17619
17620
17623
17625
17627
17629
17630
17633
17634
17636
17639
17641
17643
17646
17648
17649
17650
17651
17653
17654
17657
17658
17659
17660
17661
17662
17663
17667
17668
17670
17672
17674
17675
17676
17677
17678
17679
17680
17681
17682
17683
17684
17685
17686
17687
17688
17689
17690
17696
17699
17700
17703
17704
17705
17706
17707
17708
17709
17714
17715
17716
17717
17718
17722
17723
17724
17726
17728
17729
17730
17732
17735
17738
17741
17742
17743
17744
17746
17747
17748
17749
17750
17751
17753
17754
17756
17758
17759
17760
17761
17762
17763
17764
17765
17766
17773
17776
17777
17779
17780
17782
17783
17784
17786
17789
17790
17791
17793
17794
17795
17797
17798
17799
17801
17802
17803
17804
17805
17806
17807
17809
17811
17814
17818
17819
17820
17821
17823
17824
17825
17827
17828
17829
17830
17831
17833
17836
17837
17838
17839
17840
17842
17843
17845
17848
17852
17853
17855
17856
17859
17860
17861
17862
17863
17864
17865
17868
17869
17871
17872
17873
17874
17876
17879
17880
17881
17883
17885
17887
17888
17890
17893
17894
17895
17896
17897
17898
17899
17901
17904
17906
17908
17910
17911
17912
17913
17914
17918
17919
17921
17922
17924
17925
17927
17929
17930
17935
17938
17939
17940
17942
17943
17944
17945
17947
17948
17949
17950
17951
17954
17955
17956
17957
17958
17959
17960
17962
17963
17964
17965
17966
17967
17968
17970
17971
17972
17973
17975
17977
17978
17979
17980
17983
17986
17988
17990
17991
17992
17993
17994
17995
17997
17998
17999
18000
18001
18002
18003
18005
18006
18007
18008
18009
18010
18012
18013
18015
18017
18018
18020
18021
18023
18024
18025
18028
18029
18032
18034
18035
18036
18037
18038
18039
18042
18045
18047
18048
18049
18050
18051
18052
18053
18054
18055
18056
18057
18058
18059
18060
18061
18064
18066
18067
18071
18072
18073
18074
18075
18076
18078
18079
18081
18082
18088
18089
18090
18091
18092
18093
18094
18096
18097
18098
18099
18100
18103
18104
18106
18107
18109
18110
18112
18113
18114
18115
18117
18118
18119
18120
18121
18122
18123
18124
18125
18126
18127
18131
18132
18133
18134
18137
18138
18140
18141
18142
18143
18144
18146
18147
18148
18150
18152
18153
18154
18155
18157
18158
18159
18160
18164
18165
18166
18167
18168
18170
18171
18173
18177
18178
18179
18181
18183
18184
18186
18187
18188
18190
18191
18192
18193
18196
18197
18198
18199
18200
18201
18202
18203
18204
18205
18206
18207
18208
18209
18210
18211
18212
18213
18215
18218
18221
18222
18223
18226
18227
18229
18230
18231
18232
18234
18235
18236
18239
18242
18243
18244
18246
18249
18251
18252
18253
18254
18255
18256
18257
18259
18260
18261
18262
18263
18265
18267
18268
18270
18271
18272
18274
18275
18276
18280
18282
18283
18284
18285
18287
18288
18290
18291
18292
18294
18295
18296
18297
18298
18300
18301
18302
18303
18304
18306
18308
18309
18311
18312
18313
18314
18315
18317
18319
18320
18321
18322
18323
18324
18325
18327
18330
18332
18333
18337
18338
18340
18341
18344
18347
18348
18350
18352
18353
18355
18358
18359
18360
18363
18365
18366
18368
18371
18372
18373
18374
18377
18379
18380
18381
18383
18384
18386
18387
18388
18389
18390
18391
18393
18395
18396
18397
18398
18401
18404
18405
18406
18408
18409
18410
18412
18413
18414
18415
18416
18417
18418
18419
18420
18421
18424
18425
18427
18428
18430
18431
18433
18437
18438
18441
18442
18443
18444
18446
18447
18450
18451
18452
18456
18457
18458
18459
18461
18462
18463
18464
18468
18469
18470
18471
18472
18475
18476
18477
18478
18479
18481
18485
18486
18489
18491
18492
18493
18496
18497
18498
18499
18502
18503
18504
18508
18509
18510
18513
18514
18517
18522
18524
18526
18527
18529
18530
18531
18532
18535
18536
18537
18539
18541
18542
18543
18545
18546
18547
18549
18550
18554
18555
18556
18558
18559
18560
18562
18565
18566
18567
18570
18571
18572
18573
18575
18578
18579
18580
18581
18582
18584
18585
18589
18590
18591
18592
18593
18594
18595
18596
18597
18599
18602
18603
18604
18605
18606
18607
18608
18611
18612
18613
18615
18616
18618
18621
18622
18623
18625
18626
18627
18628
18629
18630
18631
18632
18633
18635
18636
18637
18640
18642
18643
18645
18648
18649
18650
18651
18652
18655
18656
18657
18658
18660
18661
18663
18664
18666
18667
18669
18675
18676
18677
18680
18681
18682
18683
18684
18685
18687
18689
18690
18691
18694
18695
18696
18697
18699
18700
18701
18704
18706
18707
18708
18709
18710
18713
18714
18715
18716
18718
18719
18720
18721
18723
18724
18726
18727
18729
18730
18731
18732
18733
18734
18736
18737
18739
18740
18741
18743
18744
18746
18748
18749
18751
18752
18753
18754
18755
18757
18758
18759
18761
18762
18763
18764
18765
18766
18767
18769
18770
18771
18772
18773
18774
18775
18776
18777
18778
18781
18783
18784
18785
18787
18788
18790
18791
18794
18795
18796
18797
18801
18802
18804
18805
18806
18808
18809
18810
18811
18812
18814
18815
18816
18819
18822
18823
18824
18825
18826
18828
18829
18830
18831
18833
18834
18836
18838
18839
18840
18841
18842
18843
18846
18848
18849
18850
18851
18852
18854
18855
18856
18857
18859
18861
18862
18863
18865
18866
18867
18869
18870
18871
18872
18873
18874
18875
18876
18878
18879
18880
18881
18882
18884
18886
18887
18888
18889
18890
18891
18892
18893
18894
18895
18896
18897
18898
18899
18901
18902
18903
18904
18906
18907
18908
18909
18910
18911
18912
18913
18914
18915
18916
18918
18919
18920
18922
18923
18924
18925
18927
18928
18930
18931
18933
18934
18935
18937
18938
18940
18941
18942
18943
18945
18948
18949
18950
18952
18954
18956
18959
18961
18962
18963
18965
18966
18967
18968
18969
18970
18972
18973
18974
18976
18977
18978
18980
18981
18982
18984
18985
18986
18987
18993
18995
18996
18997
18999
19000
19001
19003
19004
19005
19006
19007
19009
19011
19012
19013
19016
19017
19018
19019
19020
19021
19022
19024
19025
19026
19027
19028
19029
19030
19031
19032
19034
19036
19038
19040
19041
19042
19043
19045
19046
19048
19050
19051
19052
19053
19055
19057
19059
19060
19061
19062
19063
19064
19065
19066
19067
19068
19069
19070
19073
19074
19075
19080
19081
19082
19084
19085
19086
19087
19088
19092
19093
19095
19098
19099
19101
19102
19103
19104
19107
19109
19111
19112
19113
19114
19115
19120
19122
19123
19124
19125
19127
19128
19130
19131
19133
19134
19135
19136
19140
19142
19143
19144
19146
19150
19151
19152
19157
19158
19160
19163
19165
19167
19168
19170
19172
19173
19174
19176
19177
19178
19180
19182
19183
19184
19188
19189
19191
19193
19194
19197
19198
19199
19201
19202
19203
19204
19205
19206
19207
19208
19211
19213
19215
19216
19218
19219
19220
19221
19222
19223
19224
19225
19226
19229
19230
19231
19232
19234
19235
19236
19237
19238
19239
19240
19241
19242
19243
19244
19246
19247
19248
19249
19250
19252
19253
19256
19257
19259
19261
19262
19263
19264
19265
19266
19267
19268
19269
19270
19271
19272
19273
19274
19275
19276
19277
19279
19280
19283
19284
19285
19286
19288
19289
19291
19294
19296
19298
19299
19300
19301
19302
19303
19304
19305
19306
19307
19308
19311
19312
19313
19314
19315
19318
19319
19322
19323
19324
19325
19327
19328
19329
19331
19334
19336
19337
19338
19340
19341
19343
19344
19345
19347
19348
19349
19350
19351
19352
19354
19356
19358
19359
19360
19361
19362
19364
19368
19369
19371
19372
19373
19374
19376
19378
19379
19380
19385
19386
19388
19389
19390
19391
19393
19398
19399
19400
19401
19402
19403
19404
19405
19407
19409
19410
19411
19412
19413
19414
19415
19419
19420
19421
19425
19426
19427
19428
19429
19430
19431
19435
19436
19442
19443
19444
19445
19446
19447
19448
19449
19451
19453
19454
19455
19458
19459
19460
19461
19462
19463
19464
19465
19466
19467
19468
19470
19471
19474
19476
19477
19480
19482
19483
19484
19485
19489
19492
19493
19494
19495
19496
19497
19499
19501
19502
19503
19504
19505
19506
19507
19508
19509
19511
19512
19514
19517
19518
19519
19520
19526
19528
19529
19530
19531
19532
19533
19534
19535
19536
19538
19541
19542
19543
19544
19546
19547
19548
19550
19552
19555
19556
19557
19560
19562
19563
19564
19565
19566
19568
19569
19570
19571
19572
19574
19577
19579
19580
19581
19583
19584
19585
19586
19589
19592
19593
19594
19597
19598
19600
19605
19606
19608
19609
19613
19615
19616
19617
19618
19619
19620
19621
19623
19624
19626
19627
19628
19629
19634
19635
19636
19637
19638
19639
19640
19641
19644
19645
19646
19647
19648
19649
19652
19653
19654
19656
19657
19658
19661
19664
19665
19668
19670
19671
19672
19673
19674
19675
19676
19677
19678
19679
19680
19683
19684
19685
19686
19687
19692
19693
19694
19695
19696
19697
19702
19703
19704
19706
19707
19708
19711
19712
19713
19715
19716
19717
19719
19721
19723
19724
19725
19726
19727
19728
19729
19730
19731
19735
19736
19737
19738
19739
19740
19741
19742
19744
19745
19746
19747
19748
19751
19752
19753
19756
19758
19760
19762
19763
19764
19765
19767
19768
19771
19774
19777
19778
19780
19784
19785
19786
19787
19788
19789
19790
19792
19793
19795
19796
19798
19800
19803
19805
19808
19811
19812
19813
19815
19816
19817
19819
19820
19821
19822
19823
19824
19827
19828
19830
19831
19832
19833
19835
19838
19839
19840
19841
19842
19844
19845
19846
19847
19848
19849
19850
19852
19853
19857
19858
19859
19860
19862
19863
19864
19867
19869
19870
19871
19872
19873
19874
19875
19876
19877
19878
19880
19882
19884
19888
19889
19891
19892
19893
19894
19895
19896
19897
19899
19904
19905
19906
19910
19912
19915
19916
19917
19920
19926
19929
19930
19931
19932
19933
19935
19937
19940
19944
19945
19946
19949
19951
19953
19954
19955
19957
19958
19960
19961
19962
19963
19967
19968
19969
19971
19972
19973
19974
19976
19977
19979
19980
19981
19982
19984
19985
19986
19987
19988
19993
19994
19995
19996
19997
19998
(indeksujac od 0)