Liczba wszystkich osob to:
200
Maksymalna liczba osob, ktore mozna zwolnic to:
115.0
Nalezy zwolnic osoby o numerach:
1
2
5
6
7
8
11
13
14
21
22
23
24
25
26
28
29
39
40
41
42
43
44
47
50
51
52
53
54
56
58
59
61
62
63
65
67
68
69
72
73
74
75
77
79
81
83
84
88
89
94
96
97
100
101
102
104
105
106
107
109
110
112
114
115
117
118
119
122
123
124
126
127
128
129
130
131
132
133
135
140
141
143
144
145
147
148
149
152
154
156
159
161
163
165
167
168
170
171
175
179
181
183
184
186
187
188
189
190
192
193
194
196
197
199
(indeksujac od 0)