Liczba wszystkich osob to:
500
Maksymalna liczba osob, ktore mozna zwolnic to:
302.0
Nalezy zwolnic osoby o numerach:
1
2
9
11
14
20
21
23
24
25
27
30
31
32
33
34
38
39
41
42
43
47
50
54
56
59
61
62
63
64
65
69
70
71
72
74
75
78
79
80
83
84
90
93
94
96
97
98
101
104
106
107
110
111
112
113
116
117
118
122
124
127
129
133
137
138
139
140
141
142
144
146
147
151
153
156
157
158
159
160
162
164
165
167
168
169
170
171
174
176
177
178
179
181
183
184
186
187
188
189
192
196
197
199
200
201
202
203
206
208
209
210
211
213
214
215
216
218
219
223
224
225
226
227
229
230
231
232
233
235
239
240
241
243
245
246
248
250
251
252
254
255
256
258
260
261
263
264
265
266
267
270
271
272
276
277
279
280
281
282
283
284
286
288
289
290
293
294
296
297
298
299
300
301
303
305
306
308
311
314
315
316
317
319
320
321
322
323
324
326
327
328
329
331
332
333
334
336
338
339
340
341
342
343
344
345
346
350
352
353
356
357
358
361
362
363
364
365
367
368
369
370
372
376
380
382
384
385
387
388
391
394
395
398
400
401
404
405
406
408
409
410
411
413
414
415
418
419
420
421
422
423
424
425
426
427
429
432
433
434
437
439
440
442
446
447
448
451
453
455
456
460
461
463
464
465
466
467
468
470
472
473
474
475
477
478
480
482
483
484
486
487
488
489
490
491
493
494
495
496
497
499
(indeksujac od 0)