Liczba wszystkich osob to:
1000
Maksymalna liczba osob, ktore mozna zwolnic to:
585.0
Nalezy zwolnic osoby o numerach:
0
2
4
5
7
8
9
10
13
14
15
17
18
19
22
23
26
30
31
32
33
39
40
44
45
47
48
49
50
51
53
56
59
60
66
67
69
70
71
72
74
77
84
87
88
89
90
91
92
96
97
99
106
107
109
110
113
115
117
118
120
121
122
125
130
133
134
136
137
139
140
141
143
144
146
148
149
154
157
158
161
162
164
167
170
171
173
174
175
179
180
181
183
184
188
189
191
193
196
197
199
200
201
203
205
206
207
208
212
213
220
223
226
230
231
232
233
235
237
238
240
242
244
245
252
255
256
257
258
260
262
263
265
268
269
270
271
272
274
275
276
277
278
279
281
284
285
286
287
288
290
291
295
298
300
301
302
304
306
307
308
312
313
314
317
318
319
320
321
324
325
329
331
333
334
335
338
339
342
343
345
347
348
350
351
353
357
358
361
362
363
365
367
370
372
373
375
376
378
379
380
382
383
387
390
391
392
393
395
396
397
398
400
402
403
408
410
411
415
416
418
419
423
426
428
429
430
431
433
435
436
437
438
439
440
441
442
444
446
448
449
450
452
455
456
457
458
460
462
463
464
466
470
472
475
479
481
482
486
487
488
489
490
492
493
495
496
497
498
499
500
503
504
505
507
508
513
514
518
520
521
522
523
525
526
527
528
531
532
533
535
536
537
539
541
545
547
548
551
552
553
554
555
556
557
558
560
562
564
566
568
569
571
572
573
575
576
577
580
583
584
585
586
587
588
589
592
593
596
597
598
602
603
604
606
607
608
611
612
613
614
615
616
617
619
621
622
623
624
626
627
628
629
631
632
633
636
637
639
641
643
644
647
648
650
651
654
655
656
657
658
660
662
663
664
667
669
670
671
673
674
675
676
677
678
680
683
684
688
692
694
695
697
698
699
700
702
706
707
708
710
711
712
713
714
715
717
718
719
722
723
725
726
728
731
732
735
736
738
739
742
746
748
749
750
751
752
753
754
755
757
758
759
760
761
762
764
765
766
768
769
770
772
773
775
777
779
780
781
783
784
786
787
790
795
796
797
799
800
802
804
805
806
807
808
810
811
813
815
817
820
823
824
825
826
828
829
830
831
832
833
834
838
839
843
844
846
848
849
850
851
852
854
855
857
858
860
861
864
865
866
867
868
871
873
874
875
876
877
878
879
882
886
889
890
892
894
897
900
901
902
904
907
909
910
912
914
916
918
919
922
924
925
926
927
928
929
930
931
932
933
934
935
936
937
938
939
940
943
944
945
947
948
950
951
952
956
957
958
959
960
961
963
964
965
967
969
970
971
972
973
974
979
980
982
986
987
988
989
990
992
993
994
996
998
(indeksujac od 0)