Liczba wszystkich osob to:
2000
Maksymalna liczba osob, ktore mozna zwolnic to:
1174.0
Nalezy zwolnic osoby o numerach:
0
2
3
6
7
8
9
10
11
12
14
15
17
18
19
20
21
22
24
25
26
27
28
29
30
31
32
33
34
37
39
41
43
44
45
46
49
50
53
55
58
59
61
63
65
66
68
69
71
75
76
78
82
84
85
86
87
89
92
95
97
98
102
106
107
108
113
114
115
117
118
120
121
122
123
128
131
132
133
136
138
140
141
144
145
148
150
152
153
156
157
158
162
163
167
168
169
177
178
181
182
184
185
186
187
189
192
193
194
195
196
197
202
204
207
208
211
213
215
216
218
219
220
221
224
227
228
231
232
233
234
237
240
242
243
244
251
252
253
254
257
258
260
261
262
264
266
267
268
270
282
283
285
286
287
288
290
291
292
293
298
300
301
304
305
307
308
309
310
311
312
313
314
315
316
320
322
323
324
326
329
330
331
333
337
340
341
342
343
345
347
349
354
355
356
360
362
365
367
370
372
374
375
376
377
379
380
381
386
389
390
392
395
396
398
400
401
406
408
409
411
414
416
417
419
420
421
425
428
429
430
431
432
433
435
436
438
441
444
445
447
448
449
450
451
453
454
459
460
462
463
464
465
466
467
468
469
471
472
473
474
475
477
478
479
482
483
488
492
494
496
498
500
501
503
506
508
512
514
516
520
528
529
530
532
535
536
537
542
543
544
545
546
547
548
551
553
554
555
557
558
559
561
562
563
565
569
571
573
577
578
580
583
584
585
588
589
591
593
594
595
601
605
606
607
610
612
613
614
616
617
619
620
621
622
624
625
626
629
630
631
632
634
635
636
639
640
642
643
644
645
646
647
648
649
650
651
653
654
658
659
662
663
665
666
667
668
670
672
673
674
678
682
685
687
688
689
693
694
698
699
702
704
705
706
707
709
710
711
712
714
715
716
717
718
721
725
727
728
729
730
731
733
734
735
736
737
739
741
742
745
746
748
751
754
756
757
758
759
761
762
763
764
765
766
769
773
774
775
776
781
783
785
786
787
790
791
795
797
800
801
802
804
807
808
810
812
813
814
820
821
824
827
828
829
831
833
838
840
841
844
845
846
849
851
853
855
856
857
858
859
860
862
863
864
866
868
869
870
873
875
881
882
884
888
890
892
894
897
899
903
904
909
910
911
917
918
919
920
921
922
923
924
927
928
930
934
935
937
940
942
945
946
949
951
954
955
958
962
963
966
968
971
975
977
978
980
981
983
985
986
988
989
990
993
994
995
997
998
1000
1001
1003
1004
1005
1006
1008
1011
1012
1017
1019
1020
1022
1023
1026
1027
1028
1029
1030
1032
1033
1034
1035
1037
1038
1039
1040
1041
1042
1043
1044
1048
1049
1052
1053
1054
1055
1058
1059
1061
1063
1064
1065
1066
1067
1072
1073
1074
1077
1078
1079
1080
1081
1082
1083
1084
1085
1086
1087
1089
1090
1091
1092
1094
1095
1097
1099
1101
1102
1104
1105
1106
1107
1108
1109
1110
1111
1112
1113
1115
1117
1118
1123
1126
1127
1128
1131
1133
1135
1136
1138
1140
1141
1144
1145
1146
1148
1149
1150
1151
1152
1154
1155
1156
1158
1159
1160
1161
1163
1164
1167
1168
1169
1171
1172
1178
1180
1182
1184
1186
1187
1188
1189
1190
1191
1192
1193
1196
1197
1199
1200
1201
1203
1204
1205
1208
1209
1210
1211
1213
1215
1216
1217
1218
1221
1223
1224
1225
1226
1227
1228
1231
1232
1233
1237
1238
1239
1240
1241
1242
1243
1245
1246
1248
1249
1250
1252
1253
1256
1258
1261
1263
1266
1267
1269
1270
1272
1274
1275
1276
1278
1279
1280
1281
1282
1283
1284
1286
1288
1289
1290
1291
1292
1293
1295
1296
1298
1299
1301
1302
1303
1304
1306
1308
1314
1316
1317
1318
1320
1322
1326
1327
1329
1330
1331
1334
1335
1336
1339
1340
1341
1342
1343
1345
1346
1347
1348
1350
1351
1352
1353
1354
1355
1356
1357
1360
1362
1363
1369
1370
1371
1372
1373
1376
1377
1378
1379
1380
1381
1383
1385
1386
1387
1388
1389
1391
1392
1393
1394
1400
1402
1405
1406
1407
1408
1409
1410
1411
1415
1417
1418
1419
1421
1422
1423
1426
1428
1430
1431
1432
1433
1435
1440
1442
1444
1445
1446
1447
1449
1450
1453
1458
1459
1460
1462
1463
1465
1466
1467
1468
1470
1473
1474
1478
1479
1480
1481
1482
1487
1490
1491
1496
1499
1500
1502
1504
1505
1507
1509
1510
1512
1513
1516
1517
1518
1519
1520
1521
1524
1525
1527
1528
1530
1531
1533
1535
1536
1537
1538
1539
1540
1544
1545
1546
1547
1549
1553
1554
1556
1558
1559
1561
1562
1564
1565
1569
1572
1573
1574
1575
1576
1577
1578
1582
1583
1584
1585
1588
1591
1592
1595
1596
1601
1603
1605
1607
1610
1611
1612
1613
1614
1615
1618
1619
1621
1623
1628
1631
1632
1633
1634
1635
1637
1639
1640
1644
1645
1646
1647
1648
1649
1650
1651
1652
1655
1656
1657
1658
1661
1662
1663
1664
1665
1666
1668
1669
1670
1671
1672
1673
1674
1678
1681
1682
1684
1685
1688
1689
1690
1692
1693
1694
1695
1696
1697
1699
1700
1701
1702
1703
1704
1706
1707
1710
1712
1714
1715
1718
1719
1720
1722
1724
1725
1726
1728
1729
1730
1732
1733
1735
1738
1739
1741
1742
1743
1744
1745
1747
1749
1750
1751
1752
1753
1755
1757
1758
1759
1760
1761
1765
1766
1767
1768
1769
1770
1771
1772
1774
1776
1778
1779
1781
1782
1783
1784
1785
1786
1788
1789
1790
1791
1793
1795
1800
1801
1802
1803
1804
1806
1808
1810
1812
1814
1816
1818
1819
1821
1822
1823
1824
1825
1828
1829
1831
1832
1833
1834
1835
1836
1838
1842
1843
1844
1845
1846
1847
1848
1850
1851
1853
1855
1857
1858
1860
1865
1868
1870
1871
1872
1873
1874
1875
1876
1877
1878
1879
1882
1883
1884
1887
1889
1890
1891
1892
1893
1894
1895
1896
1902
1904
1906
1907
1908
1909
1910
1911
1912
1915
1916
1917
1918
1920
1921
1922
1924
1925
1927
1928
1930
1931
1932
1933
1934
1938
1940
1942
1943
1945
1946
1947
1948
1950
1951
1954
1955
1958
1959
1960
1962
1963
1964
1966
1967
1971
1972
1973
1974
1976
1977
1979
1980
1981
1983
1985
1987
1988
1989
1990
1991
1992
1993
1995
1996
1998
1999
(indeksujac od 0)