Liczba wszystkich osob to:
5000
Maksymalna liczba osob, ktore mozna zwolnic to:
2754.0
Nalezy zwolnic osoby o numerach:
5
6
9
10
11
16
28
32
35
38
51
52
53
56
57
58
60
62
64
65
74
80
87
88
89
92
95
97
102
107
108
110
111
115
116
117
118
119
120
121
123
125
128
130
131
133
134
143
151
158
164
165
168
171
175
176
178
179
182
184
189
196
198
203
204
206
208
216
228
229
231
233
234
240
241
244
247
250
255
259
262
263
264
266
268
271
272
276
277
280
282
283
284
287
289
293
295
298
305
306
308
310
312
316
319
320
322
324
328
332
337
342
344
345
347
349
351
352
355
357
363
372
373
375
376
377
379
381
383
387
390
392
396
401
404
405
406
410
412
414
415
417
418
424
426
427
429
430
431
436
439
441
442
445
448
451
452
454
456
457
459
460
461
463
464
465
466
474
476
477
481
483
485
486
487
489
493
494
498
499
500
501
502
505
511
512
515
516
518
522
524
527
528
529
533
536
537
538
540
542
550
551
552
553
554
556
565
571
573
574
576
578
579
580
584
586
592
593
594
597
600
601
602
604
605
607
609
610
611
613
615
622
625
626
627
628
629
634
638
639
646
647
649
656
660
661
666
668
669
671
675
676
684
686
687
688
690
691
692
694
695
696
700
703
704
705
707
708
710
711
712
713
714
718
719
724
730
734
735
737
738
746
747
749
751
763
764
768
771
776
778
780
781
782
783
786
790
791
792
796
798
799
801
802
805
807
809
811
812
815
818
823
824
825
829
830
833
834
835
837
838
840
842
845
847
849
852
859
860
863
865
866
869
870
871
875
878
879
880
881
883
884
885
889
891
893
894
897
898
899
903
905
907
910
912
917
918
920
921
926
928
929
930
933
934
936
943
944
945
947
948
953
954
955
956
959
962
965
968
969
970
973
976
979
980
981
985
989
991
992
993
994
996
1001
1002
1003
1004
1005
1007
1009
1010
1011
1012
1013
1015
1017
1021
1028
1029
1030
1031
1032
1034
1035
1036
1037
1038
1041
1042
1043
1044
1045
1046
1048
1050
1051
1054
1058
1062
1064
1065
1068
1069
1070
1077
1078
1079
1080
1081
1085
1086
1089
1090
1092
1094
1097
1098
1100
1101
1106
1109
1114
1116
1117
1120
1121
1124
1125
1126
1130
1131
1135
1137
1138
1140
1141
1143
1144
1146
1148
1152
1153
1154
1156
1157
1158
1160
1163
1165
1167
1169
1170
1174
1176
1178
1179
1180
1184
1186
1188
1189
1193
1194
1195
1202
1205
1208
1209
1210
1213
1214
1217
1218
1219
1222
1223
1224
1226
1227
1228
1231
1232
1234
1242
1245
1249
1250
1251
1252
1254
1255
1258
1259
1260
1261
1262
1263
1266
1276
1279
1281
1282
1283
1284
1291
1292
1293
1294
1298
1301
1303
1306
1307
1308
1311
1312
1313
1315
1318
1320
1321
1322
1323
1325
1326
1327
1328
1329
1336
1337
1340
1347
1349
1351
1353
1355
1356
1358
1359
1362
1366
1367
1369
1370
1371
1373
1375
1376
1377
1381
1382
1384
1385
1386
1389
1391
1392
1395
1396
1397
1398
1400
1402
1403
1405
1408
1409
1411
1414
1416
1417
1419
1423
1424
1426
1427
1428
1430
1431
1433
1435
1437
1438
1440
1441
1442
1445
1446
1449
1451
1454
1458
1461
1463
1465
1466
1467
1468
1469
1470
1471
1473
1474
1479
1480
1481
1482
1483
1484
1485
1486
1488
1489
1491
1493
1495
1496
1497
1499
1507
1508
1511
1512
1514
1516
1518
1520
1522
1526
1528
1531
1533
1534
1535
1537
1540
1541
1542
1543
1545
1550
1552
1554
1555
1556
1557
1558
1559
1560
1562
1563
1568
1569
1573
1574
1575
1579
1581
1591
1592
1594
1595
1596
1600
1601
1602
1603
1605
1607
1608
1612
1616
1617
1618
1621
1622
1626
1627
1628
1630
1633
1634
1635
1636
1637
1641
1643
1644
1646
1650
1652
1656
1657
1659
1660
1663
1665
1666
1668
1669
1673
1675
1676
1677
1678
1681
1683
1684
1685
1686
1687
1689
1691
1692
1694
1696
1697
1702
1703
1704
1706
1707
1708
1710
1711
1712
1716
1718
1719
1721
1723
1724
1726
1730
1732
1733
1734
1736
1737
1738
1739
1740
1741
1743
1745
1748
1749
1753
1754
1759
1760
1762
1763
1764
1766
1768
1770
1772
1777
1779
1780
1786
1788
1789
1790
1791
1796
1798
1800
1801
1805
1808
1811
1812
1813
1814
1815
1817
1818
1819
1820
1821
1822
1825
1828
1829
1835
1837
1838
1840
1842
1843
1845
1846
1847
1849
1850
1851
1853
1858
1859
1861
1862
1863
1864
1865
1870
1871
1875
1880
1881
1883
1884
1890
1891
1892
1893
1894
1895
1896
1898
1899
1901
1903
1904
1905
1906
1907
1908
1909
1915
1916
1919
1923
1924
1926
1928
1934
1937
1938
1942
1945
1946
1948
1949
1950
1952
1953
1955
1957
1958
1962
1963
1964
1969
1970
1971
1976
1978
1979
1980
1982
1984
1986
1991
1997
2000
2002
2005
2009
2010
2015
2016
2019
2020
2024
2027
2028
2033
2034
2035
2036
2037
2038
2041
2042
2046
2052
2053
2054
2056
2057
2058
2060
2061
2062
2063
2065
2066
2070
2071
2072
2073
2074
2079
2082
2083
2084
2088
2090
2091
2092
2094
2095
2096
2097
2099
2103
2104
2105
2106
2107
2109
2111
2113
2114
2115
2116
2118
2123
2124
2125
2128
2129
2130
2131
2133
2136
2137
2138
2139
2142
2144
2145
2150
2152
2154
2155
2156
2157
2160
2161
2162
2163
2164
2166
2167
2169
2170
2172
2175
2178
2179
2181
2182
2185
2186
2188
2189
2194
2195
2197
2198
2199
2203
2204
2205
2206
2207
2208
2210
2212
2214
2215
2216
2219
2220
2221
2223
2225
2226
2227
2228
2229
2230
2232
2238
2239
2244
2245
2247
2248
2249
2250
2251
2252
2253
2255
2257
2258
2259
2260
2261
2262
2264
2266
2267
2271
2272
2275
2276
2277
2281
2283
2284
2285
2288
2289
2290
2297
2299
2300
2303
2304
2305
2307
2309
2312
2313
2314
2318
2319
2320
2321
2322
2324
2325
2326
2333
2334
2336
2337
2338
2340
2341
2342
2343
2347
2348
2349
2350
2353
2354
2355
2358
2360
2361
2363
2364
2365
2366
2367
2368
2373
2375
2376
2377
2378
2379
2380
2381
2383
2384
2385
2389
2391
2392
2393
2402
2403
2406
2407
2409
2410
2411
2414
2415
2420
2421
2425
2426
2428
2429
2430
2431
2432
2433
2435
2436
2437
2439
2440
2441
2444
2447
2448
2449
2451
2453
2455
2461
2462
2463
2464
2466
2467
2471
2472
2473
2474
2477
2478
2479
2480
2485
2486
2488
2489
2490
2491
2492
2494
2495
2496
2497
2500
2501
2503
2504
2505
2506
2508
2509
2512
2513
2518
2520
2521
2522
2523
2525
2528
2529
2530
2531
2532
2533
2535
2537
2538
2543
2544
2545
2546
2548
2549
2550
2551
2552
2553
2555
2556
2557
2560
2563
2564
2566
2568
2569
2570
2576
2577
2580
2581
2582
2583
2585
2586
2587
2588
2593
2594
2595
2596
2597
2598
2599
2600
2601
2602
2606
2607
2608
2611
2613
2614
2615
2616
2618
2620
2621
2622
2623
2624
2625
2627
2628
2633
2634
2638
2639
2641
2642
2645
2646
2647
2649
2651
2652
2654
2655
2656
2658
2659
2660
2661
2664
2667
2668
2669
2671
2672
2673
2674
2675
2676
2680
2681
2682
2683
2689
2690
2691
2692
2694
2697
2698
2699
2700
2703
2705
2707
2709
2711
2714
2716
2719
2720
2725
2726
2727
2728
2729
2734
2736
2739
2741
2742
2743
2745
2746
2750
2751
2752
2753
2757
2762
2765
2767
2768
2769
2770
2771
2772
2774
2776
2777
2779
2782
2786
2788
2789
2790
2791
2793
2796
2798
2799
2801
2802
2804
2807
2808
2812
2813
2815
2816
2817
2819
2820
2821
2822
2826
2829
2830
2832
2833
2835
2836
2837
2838
2841
2842
2843
2844
2847
2848
2849
2856
2857
2858
2860
2861
2862
2864
2865
2866
2867
2868
2870
2871
2872
2880
2881
2882
2883
2884
2885
2887
2889
2891
2893
2895
2896
2898
2901
2904
2908
2909
2910
2912
2914
2915
2916
2917
2918
2919
2922
2925
2926
2927
2928
2931
2932
2933
2934
2936
2937
2938
2939
2942
2943
2947
2949
2951
2952
2953
2954
2955
2956
2957
2958
2960
2961
2964
2965
2966
2967
2968
2970
2972
2973
2974
2977
2978
2979
2980
2982
2986
2987
2989
2990
2991
2993
2996
2997
3000
3002
3003
3006
3007
3008
3009
3011
3012
3014
3015
3016
3017
3018
3019
3021
3022
3023
3025
3026
3028
3029
3030
3031
3032
3035
3036
3038
3039
3045
3047
3049
3051
3052
3053
3054
3058
3061
3063
3064
3067
3068
3070
3071
3072
3073
3074
3076
3078
3080
3082
3085
3086
3087
3088
3089
3090
3091
3092
3093
3094
3095
3097
3098
3099
3101
3103
3105
3106
3107
3109
3112
3113
3114
3115
3116
3118
3119
3124
3125
3127
3128
3131
3132
3134
3138
3141
3142
3144
3145
3147
3150
3151
3152
3153
3154
3155
3156
3157
3158
3159
3160
3161
3162
3163
3165
3167
3171
3176
3177
3179
3181
3185
3187
3188
3190
3191
3193
3194
3196
3199
3201
3203
3204
3205
3207
3208
3213
3214
3216
3217
3221
3225
3227
3229
3230
3231
3232
3236
3237
3238
3239
3242
3244
3247
3248
3250
3251
3252
3253
3254
3257
3259
3260
3264
3265
3266
3267
3268
3269
3270
3271
3272
3273
3277
3278
3279
3280
3282
3285
3286
3287
3288
3291
3292
3293
3296
3297
3301
3302
3303
3304
3305
3306
3307
3308
3310
3311
3314
3315
3317
3320
3322
3323
3324
3325
3326
3329
3331
3332
3333
3334
3335
3336
3337
3338
3339
3340
3341
3342
3343
3345
3346
3347
3349
3350
3351
3352
3353
3354
3355
3356
3357
3358
3359
3360
3361
3362
3364
3365
3367
3369
3370
3371
3376
3378
3379
3381
3383
3388
3389
3391
3392
3395
3396
3397
3399
3401
3403
3405
3406
3407
3410
3411
3412
3413
3419
3422
3424
3426
3428
3430
3431
3432
3433
3434
3437
3438
3439
3440
3442
3443
3444
3445
3449
3450
3452
3454
3455
3456
3457
3459
3460
3462
3464
3465
3468
3469
3471
3473
3475
3476
3477
3479
3480
3484
3485
3486
3487
3488
3489
3490
3492
3493
3494
3495
3496
3497
3498
3499
3502
3504
3505
3508
3509
3512
3513
3516
3517
3518
3519
3520
3524
3525
3526
3529
3530
3533
3536
3537
3538
3539
3542
3543
3544
3545
3546
3549
3551
3552
3553
3556
3560
3561
3564
3566
3570
3574
3576
3578
3579
3580
3581
3583
3584
3586
3588
3589
3590
3591
3594
3595
3596
3599
3600
3601
3602
3603
3607
3608
3609
3610
3611
3612
3613
3614
3615
3616
3617
3618
3619
3621
3623
3625
3626
3627
3629
3630
3631
3632
3633
3634
3636
3637
3639
3647
3649
3651
3652
3653
3654
3655
3657
3659
3661
3663
3665
3666
3667
3668
3669
3670
3671
3674
3675
3676
3678
3679
3680
3681
3682
3683
3684
3690
3693
3696
3697
3700
3701
3702
3704
3706
3707
3709
3710
3712
3715
3716
3717
3718
3719
3721
3723
3724
3725
3726
3727
3728
3729
3732
3733
3734
3735
3736
3737
3738
3739
3740
3741
3742
3744
3747
3749
3751
3752
3756
3757
3760
3761
3763
3764
3765
3766
3767
3768
3769
3772
3773
3774
3777
3778
3779
3780
3781
3782
3783
3785
3789
3790
3791
3793
3794
3795
3796
3797
3798
3799
3800
3802
3803
3804
3807
3808
3810
3811
3813
3815
3817
3822
3823
3825
3826
3827
3828
3829
3831
3832
3834
3836
3838
3839
3842
3843
3849
3850
3851
3852
3855
3856
3858
3861
3864
3866
3868
3870
3871
3872
3874
3875
3876
3877
3878
3879
3880
3882
3883
3884
3891
3894
3898
3901
3902
3904
3906
3908
3909
3910
3915
3916
3917
3918
3919
3921
3924
3926
3927
3928
3929
3930
3931
3932
3934
3935
3936
3937
3939
3941
3942
3943
3944
3945
3947
3948
3949
3950
3951
3953
3956
3958
3960
3961
3964
3965
3966
3967
3968
3969
3970
3971
3972
3975
3976
3977
3978
3979
3980
3981
3982
3983
3984
3985
3986
3988
3990
3991
3992
3993
3994
3995
3996
3997
3999
4000
4002
4003
4005
4006
4007
4008
4009
4010
4012
4014
4015
4016
4017
4018
4020
4021
4022
4023
4025
4026
4027
4029
4030
4032
4037
4038
4039
4040
4041
4042
4044
4046
4050
4051
4052
4054
4056
4059
4060
4065
4067
4068
4069
4070
4071
4073
4074
4075
4076
4077
4078
4083
4085
4086
4087
4089
4091
4092
4094
4095
4098
4099
4100
4102
4103
4104
4105
4107
4108
4109
4110
4115
4117
4118
4120
4122
4124
4125
4126
4129
4135
4136
4138
4142
4143
4144
4145
4147
4150
4153
4154
4155
4156
4157
4158
4159
4160
4161
4163
4164
4165
4170
4171
4172
4174
4175
4178
4179
4181
4182
4186
4187
4189
4191
4192
4193
4195
4196
4197
4199
4200
4201
4203
4204
4205
4208
4209
4210
4211
4212
4214
4215
4216
4217
4219
4221
4222
4223
4225
4227
4228
4229
4230
4231
4232
4233
4234
4236
4237
4238
4239
4240
4241
4242
4246
4247
4249
4250
4251
4252
4254
4255
4257
4259
4260
4261
4262
4263
4264
4265
4266
4267
4268
4270
4273
4274
4276
4279
4280
4281
4282
4283
4284
4285
4287
4288
4289
4291
4292
4298
4299
4302
4303
4305
4306
4307
4309
4311
4314
4320
4321
4324
4326
4327
4328
4329
4330
4331
4332
4333
4334
4335
4336
4337
4338
4340
4341
4344
4345
4347
4348
4349
4350
4351
4352
4354
4355
4356
4357
4360
4361
4363
4364
4365
4367
4368
4369
4370
4371
4372
4373
4375
4376
4377
4378
4379
4381
4386
4387
4388
4389
4391
4392
4393
4394
4396
4397
4398
4399
4400
4401
4402
4404
4406
4407
4408
4409
4410
4411
4412
4413
4414
4415
4416
4417
4418
4419
4420
4421
4423
4425
4426
4427
4430
4431
4432
4435
4436
4437
4438
4439
4440
4442
4443
4445
4446
4448
4449
4451
4452
4454
4456
4457
4458
4459
4462
4464
4466
4467
4468
4470
4471
4472
4473
4474
4475
4476
4477
4478
4480
4481
4483
4484
4485
4489
4490
4492
4493
4494
4495
4497
4498
4499
4500
4501
4504
4506
4511
4512
4513
4514
4515
4516
4517
4518
4519
4520
4523
4524
4525
4526
4528
4530
4532
4533
4534
4535
4537
4540
4542
4543
4545
4546
4547
4548
4550
4553
4554
4558
4560
4561
4563
4564
4566
4567
4569
4570
4571
4572
4574
4575
4578
4580
4582
4583
4584
4586
4587
4588
4589
4590
4591
4592
4594
4595
4597
4599
4601
4602
4605
4607
4608
4610
4611
4614
4616
4617
4619
4623
4624
4625
4626
4627
4630
4632
4633
4635
4636
4637
4639
4641
4642
4643
4644
4645
4647
4648
4650
4651
4652
4653
4654
4655
4658
4659
4660
4661
4662
4664
4665
4666
4668
4671
4673
4676
4677
4679
4680
4681
4682
4683
4684
4686
4688
4689
4690
4691
4692
4693
4694
4696
4698
4700
4701
4702
4703
4704
4705
4706
4707
4708
4713
4715
4716
4717
4718
4719
4720
4721
4722
4724
4725
4727
4728
4729
4730
4731
4732
4734
4737
4740
4742
4743
4744
4746
4748
4750
4751
4753
4757
4758
4763
4765
4766
4767
4769
4770
4775
4776
4777
4778
4779
4780
4781
4782
4784
4786
4787
4788
4792
4794
4795
4797
4798
4799
4800
4802
4803
4805
4806
4807
4809
4810
4811
4812
4813
4815
4816
4817
4818
4819
4820
4821
4823
4824
4825
4826
4828
4830
4832
4834
4835
4836
4837
4838
4840
4841
4843
4846
4849
4850
4851
4852
4853
4854
4855
4858
4859
4860
4864
4865
4866
4867
4868
4869
4870
4871
4874
4875
4876
4878
4880
4881
4884
4885
4886
4887
4888
4889
4890
4891
4894
4895
4896
4899
4900
4901
4902
4903
4904
4905
4906
4907
4908
4909
4911
4912
4913
4914
4915
4916
4918
4919
4920
4921
4922
4923
4925
4927
4928
4929
4930
4934
4935
4936
4942
4943
4944
4945
4946
4948
4949
4950
4951
4952
4953
4954
4955
4957
4958
4959
4961
4964
4965
4969
4970
4971
4972
4973
4974
4975
4976
4978
4979
4980
4981
4982
4985
4988
4990
4991
4992
4993
4998
4999
(indeksujac od 0)