Liczba wszystkich osob to:
10000
Maksymalna liczba osob, ktore mozna zwolnic to:
5761.0
Nalezy zwolnic osoby o numerach:
0
2
3
4
6
7
8
11
12
13
19
21
22
24
25
26
27
28
29
34
35
37
38
40
41
42
43
44
46
47
50
51
52
53
54
56
58
60
61
63
64
66
68
69
70
71
72
73
74
78
83
84
87
89
91
92
93
95
98
99
102
103
104
106
109
112
113
115
117
118
120
124
127
128
134
137
138
141
146
150
151
158
162
163
164
165
166
171
177
179
180
182
183
185
187
190
191
193
195
196
197
198
202
203
204
206
208
210
214
215
216
217
218
219
220
221
225
226
227
228
229
230
232
234
236
237
241
244
245
246
248
251
252
253
255
257
259
261
264
265
266
267
268
269
272
273
276
277
280
284
285
288
289
292
294
297
298
302
306
310
311
312
314
315
317
320
322
323
324
326
327
333
335
337
338
339
340
341
344
345
346
349
352
354
355
356
357
361
363
364
366
367
369
370
371
372
373
377
381
382
388
389
390
395
396
400
401
402
404
405
406
408
409
410
413
415
416
417
419
420
421
422
423
424
425
426
429
430
431
432
433
436
438
441
442
447
449
451
452
453
455
457
459
462
463
464
468
469
471
472
474
475
477
478
481
484
485
486
487
489
490
491
492
493
495
499
500
504
505
506
507
511
512
513
514
516
517
519
521
522
523
525
526
527
529
531
533
535
539
541
543
544
545
546
549
551
553
555
556
557
558
559
560
563
564
565
567
570
572
576
578
579
580
583
584
585
588
593
598
599
600
601
603
606
607
608
609
612
613
614
617
618
619
620
622
623
627
628
635
637
639
640
642
643
644
645
646
649
650
652
653
654
655
656
659
660
661
663
664
666
667
668
670
672
673
675
676
677
678
681
682
683
685
687
690
697
699
702
704
706
707
711
715
716
717
719
720
723
724
725
726
728
729
731
733
735
736
737
738
740
744
745
748
752
753
754
755
757
760
762
763
764
765
766
767
768
770
771
772
773
777
781
782
783
785
787
788
793
795
798
802
803
804
805
806
807
809
811
813
815
821
824
827
829
832
833
834
836
838
839
841
843
844
850
851
852
853
854
858
859
861
863
864
868
872
873
874
877
879
880
884
886
887
888
889
892
894
897
902
903
905
906
908
910
912
913
914
915
916
917
918
921
922
923
924
928
929
930
932
933
934
938
941
945
948
952
953
954
957
960
961
963
964
966
968
969
970
972
973
974
976
980
983
984
985
986
987
988
989
990
992
995
999
1000
1002
1004
1005
1006
1008
1010
1013
1016
1018
1020
1021
1028
1029
1032
1034
1035
1036
1039
1041
1043
1044
1045
1047
1050
1051
1052
1053
1055
1056
1059
1061
1064
1067
1069
1070
1077
1078
1081
1082
1084
1085
1087
1088
1089
1092
1095
1096
1098
1099
1101
1102
1103
1104
1106
1107
1109
1110
1112
1114
1115
1118
1121
1122
1124
1128
1129
1131
1133
1134
1136
1141
1143
1144
1145
1147
1149
1150
1151
1153
1155
1159
1164
1166
1167
1168
1171
1172
1173
1175
1177
1178
1179
1180
1181
1182
1184
1185
1187
1188
1189
1190
1192
1193
1194
1197
1198
1201
1202
1203
1207
1208
1210
1211
1214
1217
1220
1221
1223
1224
1226
1227
1228
1229
1230
1233
1239
1241
1243
1246
1248
1249
1250
1253
1256
1257
1259
1265
1267
1269
1271
1272
1273
1276
1277
1278
1280
1281
1282
1283
1284
1285
1286
1287
1289
1293
1294
1295
1296
1297
1299
1303
1305
1308
1309
1313
1314
1316
1319
1320
1321
1326
1329
1330
1331
1332
1334
1335
1337
1343
1344
1345
1346
1348
1352
1353
1354
1356
1357
1358
1366
1367
1368
1372
1373
1376
1379
1381
1382
1385
1386
1387
1389
1395
1396
1397
1398
1400
1402
1406
1408
1409
1410
1411
1412
1414
1416
1417
1419
1421
1423
1425
1426
1429
1434
1436
1437
1441
1443
1444
1445
1448
1450
1451
1454
1456
1457
1459
1461
1463
1469
1471
1472
1473
1475
1481
1482
1486
1487
1488
1489
1490
1491
1492
1493
1494
1495
1496
1498
1499
1500
1505
1506
1507
1508
1510
1511
1512
1514
1516
1518
1519
1520
1522
1523
1524
1526
1527
1529
1531
1533
1540
1542
1543
1544
1546
1552
1555
1556
1557
1558
1560
1562
1563
1564
1565
1567
1568
1571
1573
1574
1576
1577
1578
1580
1582
1586
1597
1600
1604
1607
1608
1609
1610
1612
1615
1618
1619
1620
1621
1622
1623
1625
1626
1627
1630
1631
1632
1637
1641
1643
1645
1646
1647
1652
1653
1655
1657
1659
1662
1664
1667
1668
1669
1673
1675
1676
1678
1680
1682
1683
1684
1685
1690
1691
1695
1696
1698
1699
1700
1702
1703
1707
1708
1712
1714
1716
1717
1721
1722
1724
1725
1727
1728
1730
1731
1734
1735
1738
1739
1740
1741
1744
1746
1747
1748
1749
1754
1755
1758
1761
1763
1764
1765
1768
1769
1770
1771
1773
1775
1776
1777
1778
1779
1780
1781
1785
1787
1789
1790
1791
1793
1794
1796
1798
1803
1805
1806
1807
1808
1809
1810
1811
1816
1818
1819
1820
1821
1823
1824
1825
1826
1829
1832
1834
1836
1841
1842
1843
1845
1846
1848
1850
1852
1853
1858
1859
1860
1861
1862
1863
1864
1865
1868
1869
1871
1873
1874
1875
1876
1877
1879
1880
1881
1882
1884
1885
1886
1887
1888
1889
1892
1896
1898
1899
1900
1901
1903
1905
1911
1913
1914
1915
1916
1917
1921
1922
1923
1924
1927
1928
1929
1932
1934
1935
1938
1940
1943
1944
1945
1951
1952
1953
1956
1957
1958
1959
1960
1961
1962
1964
1967
1968
1972
1973
1974
1975
1976
1978
1979
1981
1987
1988
1991
1994
1996
1997
1999
2003
2004
2012
2014
2015
2016
2017
2020
2022
2023
2024
2026
2029
2030
2032
2034
2036
2037
2040
2042
2043
2044
2047
2050
2051
2054
2056
2057
2058
2065
2072
2075
2076
2079
2084
2085
2087
2090
2091
2092
2093
2099
2100
2102
2104
2106
2107
2110
2112
2115
2118
2121
2124
2125
2126
2127
2128
2129
2131
2132
2133
2141
2142
2145
2146
2148
2149
2150
2151
2153
2157
2158
2159
2163
2168
2171
2173
2175
2177
2178
2181
2182
2186
2187
2189
2191
2192
2193
2195
2196
2199
2200
2201
2202
2207
2208
2211
2212
2213
2215
2216
2220
2221
2223
2224
2226
2230
2232
2233
2234
2235
2236
2237
2239
2240
2241
2244
2245
2246
2247
2248
2249
2250
2251
2252
2253
2254
2257
2258
2259
2261
2263
2268
2271
2272
2273
2276
2279
2280
2281
2284
2285
2289
2291
2293
2294
2296
2298
2299
2300
2301
2303
2307
2311
2313
2314
2315
2318
2319
2322
2323
2324
2325
2327
2328
2332
2338
2339
2341
2342
2344
2346
2347
2348
2349
2352
2354
2355
2357
2364
2367
2369
2371
2375
2377
2378
2379
2384
2386
2387
2388
2389
2390
2392
2393
2394
2395
2396
2398
2400
2401
2402
2404
2405
2408
2409
2411
2412
2413
2414
2415
2416
2418
2420
2422
2423
2426
2429
2430
2431
2432
2433
2434
2436
2437
2438
2439
2441
2442
2444
2447
2448
2449
2453
2454
2457
2458
2467
2468
2474
2475
2477
2479
2480
2483
2484
2486
2487
2488
2491
2492
2495
2497
2498
2499
2501
2502
2503
2505
2506
2507
2508
2515
2517
2519
2520
2522
2523
2525
2526
2528
2532
2533
2535
2536
2537
2539
2541
2542
2543
2544
2545
2546
2547
2548
2549
2552
2553
2554
2557
2558
2559
2560
2563
2564
2565
2574
2575
2576
2577
2578
2579
2580
2582
2584
2585
2588
2589
2590
2593
2594
2595
2597
2598
2601
2602
2603
2605
2606
2607
2610
2612
2617
2621
2622
2623
2624
2626
2627
2629
2630
2632
2634
2635
2638
2640
2641
2643
2645
2647
2652
2656
2659
2663
2666
2667
2670
2671
2674
2675
2676
2677
2682
2687
2688
2690
2693
2696
2697
2698
2699
2702
2704
2707
2710
2711
2712
2713
2715
2716
2717
2719
2721
2722
2727
2728
2730
2731
2734
2735
2736
2738
2739
2740
2743
2744
2749
2750
2751
2755
2757
2760
2762
2764
2766
2767
2770
2771
2773
2774
2776
2779
2780
2782
2783
2784
2785
2787
2790
2791
2796
2799
2800
2806
2807
2809
2810
2811
2812
2814
2815
2824
2828
2829
2832
2834
2836
2838
2841
2843
2844
2846
2848
2849
2852
2854
2856
2857
2859
2860
2862
2863
2864
2867
2868
2870
2872
2876
2877
2879
2880
2882
2884
2887
2891
2894
2897
2898
2899
2900
2906
2909
2911
2914
2917
2918
2919
2920
2921
2926
2927
2929
2930
2934
2935
2936
2937
2941
2942
2943
2944
2945
2947
2948
2949
2950
2957
2958
2963
2965
2967
2969
2974
2977
2978
2983
2986
2987
2989
2990
2991
2995
2996
3000
3002
3003
3004
3005
3006
3007
3008
3009
3010
3011
3012
3014
3016
3017
3018
3020
3021
3022
3023
3025
3026
3027
3028
3029
3033
3036
3040
3043
3046
3047
3055
3056
3058
3059
3060
3062
3063
3065
3066
3070
3071
3074
3075
3076
3077
3079
3082
3083
3085
3088
3089
3090
3092
3094
3095
3096
3100
3107
3110
3111
3116
3119
3120
3121
3122
3123
3124
3125
3126
3127
3128
3130
3131
3132
3133
3134
3136
3137
3139
3140
3146
3148
3149
3152
3154
3156
3157
3158
3160
3161
3163
3166
3168
3169
3171
3174
3175
3178
3179
3180
3183
3186
3188
3189
3191
3192
3197
3199
3200
3203
3204
3205
3206
3212
3213
3214
3216
3217
3221
3225
3226
3227
3228
3231
3233
3235
3236
3243
3244
3245
3246
3247
3249
3250
3251
3252
3255
3256
3257
3258
3261
3262
3266
3267
3268
3270
3271
3274
3276
3277
3279
3280
3281
3282
3284
3287
3288
3289
3293
3295
3296
3299
3302
3303
3306
3308
3309
3310
3311
3315
3316
3317
3320
3322
3323
3324
3325
3326
3327
3328
3330
3332
3333
3334
3335
3340
3343
3344
3346
3347
3348
3349
3351
3352
3353
3354
3355
3356
3357
3361
3362
3365
3366
3368
3370
3373
3375
3379
3380
3383
3384
3387
3388
3390
3391
3394
3395
3397
3400
3401
3406
3408
3409
3410
3411
3412
3413
3414
3415
3417
3418
3421
3422
3425
3426
3430
3432
3435
3436
3439
3441
3444
3448
3449
3452
3453
3454
3455
3457
3459
3461
3463
3465
3466
3469
3470
3471
3472
3474
3475
3477
3478
3479
3482
3483
3484
3485
3487
3488
3489
3491
3492
3493
3495
3497
3498
3504
3505
3506
3508
3510
3513
3516
3517
3519
3520
3521
3522
3523
3524
3525
3526
3528
3536
3538
3539
3541
3543
3544
3546
3551
3552
3553
3554
3555
3556
3558
3559
3560
3562
3566
3567
3569
3571
3572
3574
3575
3577
3579
3580
3581
3582
3583
3584
3590
3591
3592
3593
3594
3595
3596
3597
3599
3600
3602
3605
3607
3611
3613
3614
3619
3620
3621
3623
3624
3627
3628
3629
3634
3635
3636
3637
3638
3639
3640
3641
3642
3643
3646
3649
3650
3653
3656
3659
3661
3665
3668
3669
3670
3674
3676
3679
3680
3681
3682
3683
3688
3692
3693
3694
3695
3696
3697
3699
3700
3701
3707
3709
3711
3712
3713
3714
3715
3716
3717
3720
3723
3727
3729
3731
3732
3733
3734
3735
3737
3738
3741
3742
3743
3744
3745
3746
3747
3748
3750
3751
3752
3754
3755
3758
3759
3762
3763
3766
3767
3768
3769
3770
3771
3772
3773
3774
3776
3777
3778
3779
3784
3785
3786
3788
3790
3791
3792
3793
3794
3797
3799
3800
3801
3802
3803
3807
3809
3810
3812
3813
3814
3817
3819
3822
3823
3825
3826
3831
3834
3837
3838
3841
3842
3843
3845
3848
3849
3850
3851
3854
3856
3857
3858
3860
3861
3867
3869
3871
3873
3874
3877
3881
3882
3887
3889
3890
3892
3894
3898
3899
3901
3902
3903
3904
3906
3907
3908
3912
3915
3916
3917
3918
3925
3926
3928
3929
3932
3933
3934
3936
3939
3944
3945
3946
3948
3949
3950
3962
3964
3965
3967
3968
3969
3970
3972
3973
3975
3976
3978
3980
3984
3985
3986
3987
3990
3993
3997
3998
4000
4001
4003
4004
4005
4006
4008
4009
4010
4011
4015
4016
4017
4019
4020
4021
4022
4023
4024
4026
4030
4031
4032
4033
4034
4037
4038
4040
4041
4043
4044
4046
4047
4048
4049
4050
4051
4052
4054
4055
4056
4057
4058
4059
4060
4061
4062
4063
4067
4068
4071
4072
4074
4075
4076
4077
4079
4080
4081
4086
4087
4090
4093
4094
4096
4098
4099
4100
4101
4102
4103
4104
4106
4107
4112
4114
4115
4117
4119
4121
4124
4125
4127
4128
4129
4130
4132
4133
4134
4140
4141
4143
4144
4145
4150
4152
4153
4154
4156
4157
4162
4163
4164
4165
4166
4167
4170
4171
4174
4177
4181
4182
4183
4185
4186
4187
4189
4190
4195
4196
4199
4200
4201
4204
4205
4208
4210
4211
4212
4214
4220
4221
4223
4225
4226
4227
4228
4229
4230
4232
4233
4235
4237
4243
4244
4245
4248
4250
4251
4253
4254
4256
4257
4258
4259
4260
4261
4263
4264
4265
4267
4269
4270
4272
4273
4274
4275
4276
4277
4278
4279
4280
4281
4284
4286
4287
4288
4290
4291
4293
4294
4296
4299
4300
4303
4304
4309
4310
4314
4315
4316
4318
4319
4322
4326
4330
4333
4336
4337
4338
4342
4344
4345
4346
4347
4349
4350
4352
4353
4355
4356
4357
4360
4362
4364
4365
4366
4370
4371
4374
4376
4378
4382
4383
4384
4388
4389
4391
4392
4396
4397
4398
4400
4402
4405
4407
4409
4410
4411
4412
4413
4415
4416
4417
4418
4419
4420
4421
4422
4423
4424
4425
4428
4432
4433
4434
4436
4440
4443
4447
4448
4450
4452
4453
4455
4456
4457
4458
4463
4465
4469
4470
4471
4472
4474
4479
4481
4482
4484
4485
4486
4487
4488
4491
4494
4496
4497
4498
4499
4500
4503
4504
4506
4507
4511
4514
4516
4517
4518
4521
4524
4527
4529
4530
4531
4539
4541
4543
4549
4550
4551
4552
4553
4556
4557
4558
4559
4560
4563
4564
4565
4566
4567
4570
4571
4572
4573
4574
4576
4577
4585
4586
4587
4588
4590
4591
4593
4594
4595
4601
4606
4607
4608
4610
4612
4613
4614
4615
4617
4618
4620
4621
4622
4623
4627
4628
4630
4631
4632
4633
4638
4640
4641
4645
4647
4648
4650
4651
4654
4655
4656
4657
4659
4660
4661
4662
4664
4666
4667
4669
4670
4671
4673
4676
4677
4678
4679
4680
4683
4684
4686
4687
4689
4690
4691
4692
4693
4694
4695
4696
4697
4699
4700
4701
4702
4703
4704
4705
4706
4707
4709
4710
4711
4713
4714
4715
4716
4717
4718
4719
4720
4722
4724
4725
4726
4727
4728
4729
4730
4731
4732
4733
4734
4736
4737
4738
4739
4740
4741
4745
4746
4747
4749
4752
4753
4754
4758
4759
4760
4761
4762
4764
4765
4766
4767
4769
4771
4772
4773
4775
4777
4779
4780
4782
4783
4785
4787
4790
4791
4792
4793
4795
4798
4799
4800
4801
4802
4803
4804
4805
4806
4807
4808
4811
4813
4814
4817
4819
4820
4821
4824
4825
4827
4829
4831
4832
4834
4836
4837
4838
4840
4846
4847
4848
4849
4853
4855
4856
4857
4858
4859
4860
4864
4870
4872
4873
4874
4876
4877
4880
4882
4883
4885
4886
4888
4890
4893
4894
4897
4899
4900
4901
4902
4903
4905
4906
4911
4912
4915
4916
4917
4921
4922
4925
4927
4928
4930
4935
4936
4937
4938
4941
4942
4944
4947
4949
4951
4955
4957
4958
4962
4964
4968
4969
4971
4972
4975
4976
4977
4979
4982
4983
4984
4986
4987
4991
4992
4994
4996
4997
4998
4999
5003
5007
5012
5013
5016
5018
5019
5020
5021
5022
5023
5024
5028
5029
5030
5032
5033
5034
5035
5036
5037
5039
5040
5041
5042
5044
5046
5050
5051
5052
5056
5058
5059
5061
5062
5063
5064
5065
5066
5067
5068
5072
5074
5076
5077
5079
5081
5082
5083
5085
5087
5088
5092
5096
5098
5099
5101
5102
5103
5104
5105
5107
5108
5113
5114
5115
5116
5117
5118
5119
5121
5124
5125
5126
5127
5128
5129
5131
5133
5134
5135
5136
5137
5138
5140
5141
5142
5146
5157
5158
5159
5160
5161
5162
5163
5166
5168
5169
5171
5172
5173
5174
5179
5180
5182
5183
5184
5187
5188
5189
5191
5194
5197
5199
5204
5207
5208
5212
5213
5214
5219
5220
5221
5223
5225
5226
5227
5228
5229
5230
5231
5234
5235
5237
5238
5239
5240
5241
5245
5247
5249
5250
5251
5252
5253
5255
5257
5259
5260
5262
5266
5267
5271
5273
5275
5277
5279
5281
5282
5283
5284
5285
5286
5291
5299
5300
5301
5304
5309
5310
5311
5315
5316
5317
5318
5319
5320
5325
5327
5330
5332
5333
5334
5335
5337
5338
5339
5340
5341
5342
5343
5344
5345
5346
5347
5348
5350
5351
5356
5357
5358
5360
5361
5364
5366
5367
5368
5371
5372
5373
5374
5378
5380
5381
5383
5384
5385
5387
5388
5390
5391
5392
5394
5395
5399
5400
5401
5402
5406
5408
5409
5411
5412
5413
5414
5415
5416
5418
5422
5423
5424
5425
5427
5429
5431
5434
5437
5440
5441
5443
5445
5447
5448
5449
5452
5453
5456
5457
5461
5463
5464
5465
5466
5470
5472
5473
5477
5480
5483
5484
5485
5487
5488
5489
5490
5492
5493
5494
5497
5498
5500
5501
5502
5503
5504
5506
5509
5511
5513
5517
5518
5521
5523
5524
5525
5528
5529
5532
5534
5535
5536
5537
5539
5540
5541
5543
5544
5547
5548
5550
5551
5554
5555
5556
5559
5560
5561
5562
5563
5565
5567
5568
5570
5571
5572
5574
5575
5576
5578
5580
5582
5583
5584
5586
5587
5588
5594
5595
5599
5601
5605
5608
5610
5614
5615
5616
5626
5631
5632
5633
5634
5635
5636
5640
5644
5645
5646
5648
5649
5651
5654
5655
5656
5657
5658
5660
5661
5663
5665
5666
5667
5670
5672
5673
5674
5675
5676
5678
5679
5681
5682
5684
5685
5686
5687
5688
5689
5690
5693
5694
5698
5699
5701
5703
5704
5705
5707
5708
5711
5712
5713
5715
5716
5717
5719
5722
5723
5725
5726
5728
5729
5731
5732
5734
5735
5736
5738
5739
5740
5741
5742
5743
5747
5749
5750
5751
5754
5755
5756
5758
5759
5760
5762
5763
5764
5765
5766
5767
5770
5771
5773
5774
5775
5780
5782
5783
5785
5786
5787
5788
5791
5792
5793
5794
5796
5797
5800
5801
5803
5806
5807
5808
5809
5811
5813
5814
5816
5817
5818
5820
5821
5823
5824
5825
5826
5828
5832
5834
5835
5837
5838
5839
5840
5842
5844
5845
5846
5848
5849
5850
5851
5853
5854
5855
5856
5857
5858
5862
5864
5865
5866
5867
5869
5871
5872
5873
5874
5875
5876
5879
5881
5882
5883
5891
5897
5899
5900
5901
5902
5906
5907
5909
5911
5916
5917
5918
5923
5924
5925
5926
5927
5929
5930
5933
5935
5939
5943
5944
5945
5946
5949
5950
5951
5954
5955
5956
5958
5959
5961
5963
5965
5966
5971
5973
5974
5976
5977
5981
5982
5984
5986
5987
5989
5991
5993
5996
5997
6000
6001
6003
6004
6005
6006
6007
6008
6009
6010
6011
6013
6014
6020
6021
6022
6023
6024
6027
6028
6029
6030
6031
6032
6034
6035
6036
6039
6040
6041
6042
6044
6047
6050
6051
6054
6056
6057
6060
6062
6063
6066
6070
6071
6072
6073
6074
6076
6077
6078
6079
6080
6081
6082
6085
6087
6088
6089
6092
6093
6094
6095
6096
6098
6099
6100
6104
6107
6110
6112
6114
6115
6118
6122
6124
6125
6127
6128
6129
6130
6132
6133
6134
6135
6137
6139
6140
6143
6144
6145
6147
6148
6149
6152
6153
6154
6158
6166
6167
6168
6169
6171
6174
6178
6179
6180
6181
6182
6186
6187
6188
6191
6192
6194
6196
6197
6199
6200
6201
6202
6203
6204
6205
6208
6209
6210
6212
6214
6216
6220
6222
6223
6224
6225
6226
6228
6231
6232
6233
6234
6235
6236
6238
6240
6241
6242
6243
6244
6245
6246
6249
6250
6251
6253
6254
6257
6259
6261
6263
6264
6265
6266
6268
6270
6271
6274
6276
6277
6279
6280
6281
6283
6284
6285
6286
6287
6288
6290
6291
6292
6293
6294
6295
6296
6297
6298
6299
6300
6301
6302
6306
6310
6312
6314
6316
6319
6321
6322
6324
6325
6326
6328
6329
6330
6331
6332
6334
6336
6338
6339
6343
6344
6345
6347
6350
6351
6355
6357
6358
6361
6362
6363
6365
6366
6367
6368
6369
6370
6373
6374
6375
6376
6378
6381
6382
6383
6385
6387
6390
6392
6393
6395
6396
6397
6399
6400
6401
6403
6404
6405
6407
6408
6410
6413
6414
6416
6417
6423
6427
6428
6429
6431
6432
6434
6435
6436
6437
6438
6439
6440
6441
6444
6445
6446
6447
6448
6449
6450
6451
6452
6456
6457
6459
6460
6464
6466
6467
6469
6471
6473
6474
6475
6476
6477
6478
6480
6483
6488
6492
6495
6496
6497
6498
6499
6500
6501
6502
6503
6504
6505
6509
6510
6511
6512
6515
6516
6518
6519
6520
6523
6524
6525
6527
6528
6529
6530
6531
6532
6534
6535
6537
6538
6543
6544
6548
6551
6553
6556
6557
6558
6559
6560
6561
6567
6570
6573
6574
6576
6578
6579
6580
6582
6583
6585
6586
6587
6588
6589
6590
6592
6593
6596
6597
6599
6600
6601
6606
6607
6609
6610
6613
6614
6615
6616
6617
6618
6621
6623
6625
6626
6629
6630
6632
6634
6637
6638
6641
6642
6643
6644
6645
6646
6647
6648
6649
6650
6651
6653
6655
6656
6657
6659
6660
6661
6662
6663
6669
6673
6674
6679
6681
6682
6683
6687
6688
6689
6690
6691
6694
6695
6696
6698
6699
6700
6703
6704
6706
6712
6714
6716
6717
6718
6720
6721
6722
6723
6725
6727
6729
6730
6733
6734
6736
6739
6741
6743
6745
6746
6747
6749
6754
6757
6760
6762
6763
6766
6768
6769
6771
6773
6776
6779
6781
6782
6783
6784
6785
6786
6787
6789
6791
6793
6794
6795
6799
6800
6801
6802
6803
6805
6806
6807
6809
6810
6812
6815
6816
6817
6818
6820
6821
6823
6826
6827
6828
6829
6830
6832
6833
6834
6835
6837
6838
6840
6841
6844
6847
6848
6849
6850
6851
6853
6854
6858
6859
6860
6861
6862
6863
6864
6866
6867
6868
6871
6872
6873
6874
6875
6877
6878
6879
6881
6882
6883
6884
6886
6888
6889
6892
6893
6894
6895
6896
6899
6900
6901
6904
6905
6906
6908
6910
6911
6913
6914
6915
6918
6920
6923
6926
6927
6928
6929
6931
6935
6936
6937
6939
6940
6943
6945
6946
6947
6948
6949
6950
6951
6953
6955
6956
6957
6958
6960
6961
6962
6963
6964
6965
6966
6969
6970
6971
6973
6974
6975
6976
6977
6979
6980
6981
6982
6983
6984
6985
6987
6990
6996
6997
6998
7000
7003
7004
7005
7010
7012
7013
7014
7015
7016
7017
7018
7019
7020
7021
7023
7026
7027
7028
7035
7038
7040
7043
7044
7045
7048
7051
7052
7057
7058
7059
7062
7063
7064
7068
7072
7073
7074
7076
7077
7078
7080
7081
7083
7085
7086
7087
7088
7091
7093
7095
7096
7097
7098
7099
7100
7103
7106
7107
7109
7110
7111
7113
7114
7115
7117
7119
7121
7124
7125
7126
7127
7128
7129
7130
7132
7133
7134
7135
7136
7137
7138
7140
7142
7143
7150
7151
7152
7155
7156
7158
7159
7160
7161
7163
7164
7167
7168
7171
7172
7174
7175
7176
7177
7178
7179
7181
7182
7184
7187
7188
7189
7191
7193
7194
7195
7196
7197
7200
7202
7203
7204
7205
7208
7209
7210
7212
7213
7217
7218
7222
7223
7224
7226
7230
7232
7233
7236
7238
7241
7242
7244
7245
7246
7248
7250
7253
7254
7255
7257
7258
7264
7265
7266
7267
7268
7269
7272
7273
7275
7280
7284
7285
7288
7290
7291
7292
7295
7296
7297
7298
7299
7300
7302
7303
7305
7309
7310
7313
7315
7316
7319
7320
7321
7322
7325
7326
7328
7329
7330
7333
7334
7336
7338
7339
7341
7344
7347
7348
7350
7351
7352
7353
7354
7356
7357
7359
7361
7362
7363
7365
7366
7367
7369
7371
7372
7374
7375
7376
7377
7378
7379
7381
7382
7384
7386
7387
7388
7389
7394
7395
7396
7398
7399
7400
7401
7402
7404
7405
7406
7408
7409
7410
7411
7412
7413
7414
7416
7418
7419
7421
7422
7424
7425
7426
7427
7428
7429
7430
7431
7432
7434
7436
7437
7438
7439
7440
7441
7442
7443
7444
7445
7446
7447
7449
7450
7451
7455
7456
7457
7458
7459
7460
7462
7465
7469
7471
7472
7473
7475
7476
7478
7479
7480
7481
7483
7484
7487
7488
7491
7493
7495
7496
7499
7502
7503
7504
7505
7507
7508
7509
7510
7511
7512
7513
7514
7515
7518
7521
7522
7523
7524
7527
7528
7529
7530
7533
7534
7535
7536
7537
7540
7541
7543
7544
7545
7546
7548
7549
7550
7552
7554
7555
7556
7558
7559
7560
7561
7562
7563
7564
7565
7568
7570
7572
7573
7575
7576
7578
7579
7581
7587
7588
7590
7591
7592
7596
7599
7602
7604
7605
7606
7608
7614
7615
7616
7618
7619
7620
7621
7624
7625
7626
7628
7633
7634
7635
7636
7637
7638
7640
7641
7642
7644
7645
7647
7648
7650
7651
7652
7653
7655
7656
7657
7659
7660
7661
7662
7668
7673
7675
7677
7679
7680
7681
7682
7683
7686
7689
7690
7691
7692
7693
7695
7697
7698
7699
7700
7701
7703
7705
7707
7708
7709
7710
7715
7719
7720
7725
7727
7728
7730
7733
7734
7736
7739
7741
7742
7743
7744
7746
7747
7748
7749
7750
7751
7752
7753
7756
7759
7760
7762
7764
7768
7769
7770
7772
7773
7775
7776
7778
7779
7780
7781
7782
7783
7784
7785
7787
7790
7791
7792
7793
7794
7795
7798
7799
7800
7802
7803
7804
7805
7810
7811
7812
7813
7814
7816
7821
7826
7827
7828
7829
7830
7831
7834
7836
7837
7838
7840
7843
7844
7846
7847
7848
7849
7851
7852
7853
7854
7855
7856
7863
7864
7866
7867
7868
7870
7871
7872
7874
7876
7877
7878
7879
7881
7882
7884
7885
7886
7887
7888
7889
7890
7891
7894
7896
7898
7901
7902
7903
7904
7905
7906
7907
7909
7910
7912
7914
7915
7921
7922
7923
7926
7927
7928
7931
7933
7935
7936
7938
7940
7941
7942
7946
7948
7949
7950
7951
7954
7955
7956
7958
7960
7961
7962
7963
7964
7966
7970
7971
7973
7975
7976
7977
7978
7981
7982
7983
7986
7987
7988
7989
7990
7992
7993
7994
7995
7996
7997
7998
7999
8001
8002
8005
8008
8010
8011
8012
8013
8015
8016
8018
8019
8020
8022
8023
8024
8026
8027
8028
8029
8030
8031
8033
8035
8037
8038
8042
8043
8044
8045
8047
8050
8051
8056
8057
8058
8059
8060
8062
8063
8065
8066
8067
8068
8070
8071
8073
8074
8076
8077
8080
8083
8086
8088
8089
8090
8091
8093
8094
8096
8097
8098
8100
8102
8103
8105
8107
8108
8110
8111
8113
8114
8115
8116
8117
8120
8121
8122
8124
8125
8126
8127
8128
8130
8131
8132
8133
8136
8137
8139
8140
8142
8143
8145
8147
8149
8150
8151
8152
8156
8157
8158
8159
8160
8161
8162
8163
8164
8166
8168
8169
8170
8172
8174
8175
8176
8178
8179
8180
8181
8182
8185
8188
8189
8190
8195
8196
8198
8199
8200
8201
8203
8204
8205
8209
8210
8211
8212
8221
8222
8223
8224
8229
8231
8233
8234
8235
8236
8238
8240
8246
8249
8250
8251
8253
8254
8256
8257
8259
8260
8262
8263
8264
8265
8266
8268
8271
8274
8275
8277
8279
8281
8282
8283
8284
8285
8287
8288
8289
8290
8293
8294
8295
8296
8297
8299
8302
8303
8304
8307
8309
8310
8311
8313
8314
8317
8318
8319
8320
8321
8322
8323
8325
8326
8327
8328
8331
8332
8333
8334
8335
8336
8338
8340
8342
8343
8344
8348
8349
8350
8352
8354
8355
8356
8357
8360
8362
8363
8364
8365
8366
8367
8368
8369
8370
8373
8374
8375
8376
8378
8379
8381
8383
8384
8385
8386
8387
8388
8389
8390
8391
8392
8393
8395
8396
8398
8399
8400
8402
8406
8407
8408
8409
8410
8411
8412
8413
8414
8415
8416
8417
8418
8423
8425
8426
8427
8428
8430
8431
8432
8433
8434
8436
8439
8440
8441
8444
8446
8448
8449
8450
8451
8452
8455
8456
8458
8460
8464
8468
8470
8477
8479
8481
8483
8484
8485
8487
8488
8489
8490
8491
8493
8494
8496
8497
8498
8499
8501
8502
8503
8505
8506
8508
8510
8514
8515
8516
8517
8518
8519
8520
8521
8523
8524
8526
8527
8528
8529
8530
8532
8533
8536
8538
8540
8544
8545
8547
8548
8549
8550
8551
8552
8554
8556
8557
8558
8559
8561
8562
8564
8565
8567
8568
8569
8570
8571
8572
8574
8575
8576
8579
8580
8581
8582
8583
8584
8585
8586
8587
8588
8589
8590
8591
8592
8593
8594
8595
8596
8599
8602
8603
8606
8607
8608
8610
8613
8614
8615
8616
8618
8619
8620
8622
8624
8625
8626
8627
8628
8630
8631
8632
8633
8634
8635
8637
8638
8640
8644
8645
8648
8650
8653
8654
8656
8657
8658
8660
8661
8664
8666
8667
8668
8669
8670
8671
8673
8674
8675
8676
8678
8679
8681
8683
8684
8685
8686
8687
8689
8692
8693
8695
8696
8699
8700
8701
8702
8703
8705
8706
8707
8714
8715
8716
8718
8721
8723
8724
8731
8734
8737
8738
8739
8740
8741
8743
8745
8747
8749
8750
8751
8752
8753
8754
8755
8756
8758
8759
8763
8765
8766
8767
8769
8771
8773
8778
8779
8780
8782
8783
8784
8785
8788
8790
8791
8793
8794
8796
8798
8800
8801
8802
8803
8804
8805
8806
8807
8809
8810
8811
8813
8814
8815
8817
8818
8819
8823
8825
8828
8830
8832
8833
8835
8836
8839
8840
8843
8844
8845
8846
8850
8851
8852
8853
8854
8855
8856
8858
8859
8860
8861
8862
8863
8864
8865
8867
8868
8872
8874
8875
8876
8877
8878
8879
8881
8882
8884
8885
8886
8888
8891
8896
8898
8899
8900
8901
8902
8903
8904
8905
8907
8908
8909
8910
8914
8917
8920
8922
8925
8927
8929
8930
8934
8935
8936
8937
8938
8939
8940
8941
8942
8943
8945
8946
8947
8949
8950
8953
8954
8955
8956
8957
8958
8959
8961
8962
8963
8964
8966
8967
8968
8970
8971
8972
8973
8974
8977
8978
8983
8984
8985
8986
8987
8988
8989
8990
8991
8992
8994
8996
8997
8998
9000
9001
9002
9005
9006
9007
9008
9009
9010
9011
9012
9013
9015
9016
9017
9018
9019
9020
9021
9022
9023
9024
9025
9027
9028
9029
9032
9034
9035
9043
9044
9045
9047
9048
9051
9052
9053
9055
9057
9059
9061
9062
9063
9064
9065
9067
9070
9071
9073
9075
9076
9078
9080
9081
9082
9085
9086
9087
9088
9089
9090
9091
9092
9093
9094
9095
9096
9098
9099
9103
9104
9106
9108
9110
9112
9114
9115
9116
9118
9119
9122
9125
9126
9127
9128
9130
9131
9132
9133
9134
9135
9136
9137
9138
9139
9140
9141
9142
9143
9144
9145
9146
9147
9149
9150
9151
9152
9153
9155
9156
9158
9159
9161
9162
9163
9164
9166
9167
9168
9169
9171
9172
9174
9177
9179
9180
9181
9182
9185
9186
9189
9190
9194
9196
9199
9200
9202
9204
9205
9206
9209
9210
9211
9213
9215
9218
9219
9220
9221
9222
9225
9227
9228
9229
9232
9233
9235
9236
9239
9240
9241
9242
9243
9245
9246
9248
9251
9253
9254
9256
9257
9258
9260
9261
9262
9263
9266
9270
9272
9273
9276
9277
9280
9281
9283
9284
9285
9286
9287
9290
9291
9293
9294
9296
9297
9298
9300
9302
9303
9305
9306
9309
9313
9315
9316
9318
9319
9321
9322
9325
9326
9327
9328
9329
9330
9331
9333
9334
9337
9342
9344
9345
9346
9347
9355
9357
9359
9361
9363
9364
9366
9367
9369
9370
9371
9372
9375
9377
9381
9382
9385
9386
9388
9389
9390
9392
9393
9396
9397
9398
9399
9401
9404
9407
9408
9409
9410
9412
9413
9420
9421
9423
9424
9425
9426
9427
9429
9430
9433
9435
9436
9440
9441
9442
9444
9445
9448
9450
9451
9452
9453
9454
9457
9458
9460
9461
9462
9466
9467
9471
9472
9473
9474
9476
9478
9480
9482
9483
9485
9487
9488
9489
9490
9491
9492
9494
9495
9496
9497
9499
9500
9501
9502
9503
9504
9505
9506
9509
9512
9513
9514
9515
9516
9517
9518
9519
9520
9521
9522
9523
9524
9525
9527
9529
9531
9533
9535
9536
9538
9539
9540
9542
9543
9544
9546
9548
9550
9552
9554
9555
9557
9558
9560
9561
9563
9564
9565
9566
9567
9568
9570
9571
9572
9573
9574
9575
9578
9581
9586
9587
9589
9592
9593
9594
9596
9598
9599
9600
9601
9604
9608
9609
9610
9611
9612
9614
9617
9618
9619
9621
9622
9623
9626
9627
9628
9629
9631
9632
9633
9634
9635
9637
9638
9639
9641
9643
9647
9649
9651
9654
9655
9656
9657
9659
9664
9665
9666
9667
9668
9669
9672
9673
9676
9677
9678
9679
9680
9683
9685
9686
9689
9690
9692
9693
9694
9697
9698
9699
9700
9701
9702
9704
9705
9707
9711
9712
9713
9714
9715
9716
9717
9721
9722
9723
9724
9725
9726
9727
9728
9730
9731
9732
9733
9734
9735
9736
9737
9738
9739
9741
9743
9744
9745
9748
9749
9750
9751
9752
9755
9757
9758
9759
9762
9763
9764
9765
9766
9768
9772
9773
9774
9775
9776
9777
9779
9780
9781
9784
9785
9787
9788
9791
9792
9794
9795
9796
9797
9800
9801
9803
9810
9812
9813
9814
9815
9816
9817
9818
9819
9820
9821
9822
9823
9824
9825
9826
9827
9828
9829
9830
9831
9834
9836
9837
9840
9841
9842
9843
9845
9849
9850
9851
9852
9853
9858
9860
9863
9864
9865
9866
9868
9869
9870
9872
9874
9875
9878
9880
9881
9883
9884
9885
9886
9888
9889
9891
9892
9893
9894
9895
9896
9897
9901
9902
9904
9905
9906
9907
9910
9913
9914
9916
9917
9918
9919
9920
9921
9924
9926
9927
9928
9930
9931
9932
9936
9937
9938
9939
9940
9941
9942
9943
9944
9945
9947
9949
9950
9951
9954
9955
9956
9957
9958
9959
9960
9961
9963
9964
9965
9966
9967
9974
9976
9977
9978
9979
9980
9983
9985
9986
9987
9988
9990
9991
9992
9993
9994
9995
9996
9997
9998
9999
(indeksujac od 0)